Analysis & Synthesis report for MIPS_A_project
Mon Dec 07 10:28:40 2020
Quartus Prime Version 20.1.0 Build 711 06/05/2020 SJ Lite Edition


---------------------
; Table of Contents ;
---------------------
  1. Legal Notice
  2. Analysis & Synthesis Summary
  3. Analysis & Synthesis Settings
  4. Parallel Compilation
  5. Analysis & Synthesis Source Files Read
  6. Analysis & Synthesis Resource Usage Summary
  7. Analysis & Synthesis Resource Utilization by Entity
  8. Registers Removed During Synthesis
  9. Removed Registers Triggering Further Register Optimizations
 10. General Register Statistics
 11. Multiplexer Restructuring Statistics (Restructuring Performed)
 12. Parameter Settings for User Entity Instance: Top-level Entity: |MIPS_A_project
 13. Parameter Settings for User Entity Instance: processador:processador
 14. Parameter Settings for User Entity Instance: processador:processador|shftLEFT:LEFT_sinal_externo
 15. Parameter Settings for User Entity Instance: processador:processador|somadorGenerico:somador_somador
 16. Parameter Settings for User Entity Instance: processador:processador|muxGenerico2x1:MUX_somador
 17. Parameter Settings for User Entity Instance: processador:processador|muxGenerico4x1:MUX_jump
 18. Parameter Settings for User Entity Instance: processador:processador|registradorGenerico:PC
 19. Parameter Settings for User Entity Instance: processador:processador|somaConstante:somadorPC
 20. Parameter Settings for User Entity Instance: processador:processador|ROMMIPS:ROM_mips
 21. Parameter Settings for User Entity Instance: processador:processador|muxGenerico4x1:MUX0
 22. Parameter Settings for User Entity Instance: processador:processador|muxGenerico2x1:MUX_LUI
 23. Parameter Settings for User Entity Instance: processador:processador|bancoRegistradores:bancoRegistrador
 24. Parameter Settings for User Entity Instance: processador:processador|muxGenerico2x1:MUX1
 25. Parameter Settings for User Entity Instance: processador:processador|ULA:ULA
 26. Parameter Settings for User Entity Instance: processador:processador|muxGenerico4x1:MUX2
 27. Parameter Settings for User Entity Instance: processador:processador|muxGenerico2x1:MUX_ORI
 28. Parameter Settings for User Entity Instance: processador:processador|estendeSinalGenerico:extensor
 29. Parameter Settings for User Entity Instance: RAMMIPS:RAM_mips
 30. Port Connectivity Checks: "conversorHex7Seg:display5"
 31. Port Connectivity Checks: "conversorHex7Seg:display4"
 32. Port Connectivity Checks: "conversorHex7Seg:display3"
 33. Port Connectivity Checks: "conversorHex7Seg:display2"
 34. Port Connectivity Checks: "conversorHex7Seg:display1"
 35. Port Connectivity Checks: "conversorHex7Seg:display0"
 36. Port Connectivity Checks: "processador:processador|muxGenerico2x1:MUX_ORI"
 37. Port Connectivity Checks: "processador:processador|muxGenerico4x1:MUX2"
 38. Port Connectivity Checks: "processador:processador|muxGenerico2x1:MUX_LUI"
 39. Port Connectivity Checks: "processador:processador|muxGenerico4x1:MUX0"
 40. Port Connectivity Checks: "processador:processador|registradorGenerico:PC"
 41. Port Connectivity Checks: "processador:processador|muxGenerico4x1:MUX_jump"
 42. Port Connectivity Checks: "processador:processador"
 43. Post-Synthesis Netlist Statistics for Top Partition
 44. Elapsed Time Per Partition
 45. Analysis & Synthesis Messages



----------------
; Legal Notice ;
----------------
Copyright (C) 2020  Intel Corporation. All rights reserved.
Your use of Intel Corporation's design tools, logic functions 
and other software and tools, and any partner logic 
functions, and any output files from any of the foregoing 
(including device programming or simulation files), and any 
associated documentation or information are expressly subject 
to the terms and conditions of the Intel Program License 
Subscription Agreement, the Intel Quartus Prime License Agreement,
the Intel FPGA IP License Agreement, or other applicable license
agreement, including, without limitation, that your use is for
the sole purpose of programming logic devices manufactured by
Intel and sold by Intel or its authorized distributors.  Please
refer to the applicable agreement for further details, at
https://fpgasoftware.intel.com/eula.



+-------------------------------------------------------------------------------+
; Analysis & Synthesis Summary                                                  ;
+---------------------------------+---------------------------------------------+
; Analysis & Synthesis Status     ; Successful - Mon Dec 07 10:28:40 2020       ;
; Quartus Prime Version           ; 20.1.0 Build 711 06/05/2020 SJ Lite Edition ;
; Revision Name                   ; MIPS_A_project                              ;
; Top-level Entity Name           ; MIPS_A_project                              ;
; Family                          ; Cyclone V                                   ;
; Logic utilization (in ALMs)     ; N/A                                         ;
; Total registers                 ; 2977                                        ;
; Total pins                      ; 48                                          ;
; Total virtual pins              ; 0                                           ;
; Total block memory bits         ; 0                                           ;
; Total DSP Blocks                ; 0                                           ;
; Total HSSI RX PCSs              ; 0                                           ;
; Total HSSI PMA RX Deserializers ; 0                                           ;
; Total HSSI TX PCSs              ; 0                                           ;
; Total HSSI PMA TX Serializers   ; 0                                           ;
; Total PLLs                      ; 0                                           ;
; Total DLLs                      ; 0                                           ;
+---------------------------------+---------------------------------------------+


+---------------------------------------------------------------------------------------------------------------------------+
; Analysis & Synthesis Settings                                                                                             ;
+---------------------------------------------------------------------------------+--------------------+--------------------+
; Option                                                                          ; Setting            ; Default Value      ;
+---------------------------------------------------------------------------------+--------------------+--------------------+
; Device                                                                          ; 5CEBA4F23C7        ;                    ;
; Top-level entity name                                                           ; MIPS_A_project     ; MIPS_A_project     ;
; Family name                                                                     ; Cyclone V          ; Cyclone V          ;
; Maximum processors allowed for parallel compilation                             ; All                ;                    ;
; VHDL Show LMF Mapping Messages                                                  ; Off                ;                    ;
; VHDL Version                                                                    ; VHDL_2008          ; VHDL_1993          ;
; Use smart compilation                                                           ; Off                ; Off                ;
; Enable parallel Assembler and Timing Analyzer during compilation                ; On                 ; On                 ;
; Enable compact report table                                                     ; Off                ; Off                ;
; Restructure Multiplexers                                                        ; Auto               ; Auto               ;
; MLAB Add Timing Constraints For Mixed-Port Feed-Through Mode Setting Don't Care ; Off                ; Off                ;
; Create Debugging Nodes for IP Cores                                             ; Off                ; Off                ;
; Preserve fewer node names                                                       ; On                 ; On                 ;
; Intel FPGA IP Evaluation Mode                                                   ; Enable             ; Enable             ;
; Verilog Version                                                                 ; Verilog_2001       ; Verilog_2001       ;
; State Machine Processing                                                        ; Auto               ; Auto               ;
; Safe State Machine                                                              ; Off                ; Off                ;
; Extract Verilog State Machines                                                  ; On                 ; On                 ;
; Extract VHDL State Machines                                                     ; On                 ; On                 ;
; Ignore Verilog initial constructs                                               ; Off                ; Off                ;
; Iteration limit for constant Verilog loops                                      ; 5000               ; 5000               ;
; Iteration limit for non-constant Verilog loops                                  ; 250                ; 250                ;
; Add Pass-Through Logic to Inferred RAMs                                         ; On                 ; On                 ;
; Infer RAMs from Raw Logic                                                       ; On                 ; On                 ;
; Parallel Synthesis                                                              ; On                 ; On                 ;
; DSP Block Balancing                                                             ; Auto               ; Auto               ;
; NOT Gate Push-Back                                                              ; On                 ; On                 ;
; Power-Up Don't Care                                                             ; On                 ; On                 ;
; Remove Redundant Logic Cells                                                    ; Off                ; Off                ;
; Remove Duplicate Registers                                                      ; On                 ; On                 ;
; Ignore CARRY Buffers                                                            ; Off                ; Off                ;
; Ignore CASCADE Buffers                                                          ; Off                ; Off                ;
; Ignore GLOBAL Buffers                                                           ; Off                ; Off                ;
; Ignore ROW GLOBAL Buffers                                                       ; Off                ; Off                ;
; Ignore LCELL Buffers                                                            ; Off                ; Off                ;
; Ignore SOFT Buffers                                                             ; On                 ; On                 ;
; Limit AHDL Integers to 32 Bits                                                  ; Off                ; Off                ;
; Optimization Technique                                                          ; Balanced           ; Balanced           ;
; Carry Chain Length                                                              ; 70                 ; 70                 ;
; Auto Carry Chains                                                               ; On                 ; On                 ;
; Auto Open-Drain Pins                                                            ; On                 ; On                 ;
; Perform WYSIWYG Primitive Resynthesis                                           ; Off                ; Off                ;
; Auto ROM Replacement                                                            ; On                 ; On                 ;
; Auto RAM Replacement                                                            ; On                 ; On                 ;
; Auto DSP Block Replacement                                                      ; On                 ; On                 ;
; Auto Shift Register Replacement                                                 ; Auto               ; Auto               ;
; Allow Shift Register Merging across Hierarchies                                 ; Auto               ; Auto               ;
; Auto Clock Enable Replacement                                                   ; On                 ; On                 ;
; Strict RAM Replacement                                                          ; Off                ; Off                ;
; Allow Synchronous Control Signals                                               ; On                 ; On                 ;
; Force Use of Synchronous Clear Signals                                          ; Off                ; Off                ;
; Auto Resource Sharing                                                           ; Off                ; Off                ;
; Allow Any RAM Size For Recognition                                              ; Off                ; Off                ;
; Allow Any ROM Size For Recognition                                              ; Off                ; Off                ;
; Allow Any Shift Register Size For Recognition                                   ; Off                ; Off                ;
; Use LogicLock Constraints during Resource Balancing                             ; On                 ; On                 ;
; Ignore translate_off and synthesis_off directives                               ; Off                ; Off                ;
; Timing-Driven Synthesis                                                         ; On                 ; On                 ;
; Report Parameter Settings                                                       ; On                 ; On                 ;
; Report Source Assignments                                                       ; On                 ; On                 ;
; Report Connectivity Checks                                                      ; On                 ; On                 ;
; Ignore Maximum Fan-Out Assignments                                              ; Off                ; Off                ;
; Synchronization Register Chain Length                                           ; 3                  ; 3                  ;
; Power Optimization During Synthesis                                             ; Normal compilation ; Normal compilation ;
; HDL message level                                                               ; Level2             ; Level2             ;
; Suppress Register Optimization Related Messages                                 ; Off                ; Off                ;
; Number of Removed Registers Reported in Synthesis Report                        ; 5000               ; 5000               ;
; Number of Swept Nodes Reported in Synthesis Report                              ; 5000               ; 5000               ;
; Number of Inverted Registers Reported in Synthesis Report                       ; 100                ; 100                ;
; Clock MUX Protection                                                            ; On                 ; On                 ;
; Auto Gated Clock Conversion                                                     ; Off                ; Off                ;
; Block Design Naming                                                             ; Auto               ; Auto               ;
; SDC constraint protection                                                       ; Off                ; Off                ;
; Synthesis Effort                                                                ; Auto               ; Auto               ;
; Shift Register Replacement - Allow Asynchronous Clear Signal                    ; On                 ; On                 ;
; Pre-Mapping Resynthesis Optimization                                            ; Off                ; Off                ;
; Analysis & Synthesis Message Level                                              ; Medium             ; Medium             ;
; Disable Register Merging Across Hierarchies                                     ; Auto               ; Auto               ;
; Resource Aware Inference For Block RAM                                          ; On                 ; On                 ;
; Automatic Parallel Synthesis                                                    ; On                 ; On                 ;
; Partial Reconfiguration Bitstream ID                                            ; Off                ; Off                ;
+---------------------------------------------------------------------------------+--------------------+--------------------+


+------------------------------------------+
; Parallel Compilation                     ;
+----------------------------+-------------+
; Processors                 ; Number      ;
+----------------------------+-------------+
; Number detected on machine ; 8           ;
; Maximum allowed            ; 4           ;
;                            ;             ;
; Average used               ; 1.00        ;
; Maximum used               ; 4           ;
;                            ;             ;
; Usage by Processor         ; % Time Used ;
;     Processor 1            ; 100.0%      ;
;     Processor 2            ;   0.0%      ;
;     Processor 3            ;   0.0%      ;
;     Processor 4            ;   0.0%      ;
+----------------------------+-------------+


+------------------------------------------------------------------------------------------------------------------------------------------------------------------------------------------------------------------------------+
; Analysis & Synthesis Source Files Read                                                                                                                                                                                       ;
+----------------------------------+-----------------+-----------------+---------------------------------------------------------------------------------------------------------------------------------------------+---------+
; File Name with User-Entered Path ; Used in Netlist ; File Type       ; File Name with Absolute Path                                                                                                                ; Library ;
+----------------------------------+-----------------+-----------------+---------------------------------------------------------------------------------------------------------------------------------------------+---------+
; conversorHex7Seg.vhd             ; yes             ; User VHDL File  ; C:/Users/thive/Desktop/Insper/SextoSemestre/DesComp/AulasDesignComputadores/MIPS_A_project/MIPS_A_project_restored/conversorHex7Seg.vhd     ;         ;
; edgeDetector.vhd                 ; yes             ; User VHDL File  ; C:/Users/thive/Desktop/Insper/SextoSemestre/DesComp/AulasDesignComputadores/MIPS_A_project/MIPS_A_project_restored/edgeDetector.vhd         ;         ;
; ULA.vhd                          ; yes             ; User VHDL File  ; C:/Users/thive/Desktop/Insper/SextoSemestre/DesComp/AulasDesignComputadores/MIPS_A_project/MIPS_A_project_restored/ULA.vhd                  ;         ;
; unidadeControleULA.vhd           ; yes             ; User VHDL File  ; C:/Users/thive/Desktop/Insper/SextoSemestre/DesComp/AulasDesignComputadores/MIPS_A_project/MIPS_A_project_restored/unidadeControleULA.vhd   ;         ;
; unidadeControleFD.vhd            ; yes             ; User VHDL File  ; C:/Users/thive/Desktop/Insper/SextoSemestre/DesComp/AulasDesignComputadores/MIPS_A_project/MIPS_A_project_restored/unidadeControleFD.vhd    ;         ;
; somadorGenerico.vhd              ; yes             ; User VHDL File  ; C:/Users/thive/Desktop/Insper/SextoSemestre/DesComp/AulasDesignComputadores/MIPS_A_project/MIPS_A_project_restored/somadorGenerico.vhd      ;         ;
; somaConstante.vhd                ; yes             ; User VHDL File  ; C:/Users/thive/Desktop/Insper/SextoSemestre/DesComp/AulasDesignComputadores/MIPS_A_project/MIPS_A_project_restored/somaConstante.vhd        ;         ;
; shftLEFT.vhd                     ; yes             ; User VHDL File  ; C:/Users/thive/Desktop/Insper/SextoSemestre/DesComp/AulasDesignComputadores/MIPS_A_project/MIPS_A_project_restored/shftLEFT.vhd             ;         ;
; ROMMIPS.vhd                      ; yes             ; User VHDL File  ; C:/Users/thive/Desktop/Insper/SextoSemestre/DesComp/AulasDesignComputadores/MIPS_A_project/MIPS_A_project_restored/ROMMIPS.vhd              ;         ;
; RegistradorGenerico.vhd          ; yes             ; User VHDL File  ; C:/Users/thive/Desktop/Insper/SextoSemestre/DesComp/AulasDesignComputadores/MIPS_A_project/MIPS_A_project_restored/RegistradorGenerico.vhd  ;         ;
; RAMMIPS.vhd                      ; yes             ; User VHDL File  ; C:/Users/thive/Desktop/Insper/SextoSemestre/DesComp/AulasDesignComputadores/MIPS_A_project/MIPS_A_project_restored/RAMMIPS.vhd              ;         ;
; processador.vhd                  ; yes             ; User VHDL File  ; C:/Users/thive/Desktop/Insper/SextoSemestre/DesComp/AulasDesignComputadores/MIPS_A_project/MIPS_A_project_restored/processador.vhd          ;         ;
; muxGenerico4x1.vhd               ; yes             ; User VHDL File  ; C:/Users/thive/Desktop/Insper/SextoSemestre/DesComp/AulasDesignComputadores/MIPS_A_project/MIPS_A_project_restored/muxGenerico4x1.vhd       ;         ;
; muxGenerico2x1.vhd               ; yes             ; User VHDL File  ; C:/Users/thive/Desktop/Insper/SextoSemestre/DesComp/AulasDesignComputadores/MIPS_A_project/MIPS_A_project_restored/muxGenerico2x1.vhd       ;         ;
; estendeSinalGenerico.vhd         ; yes             ; User VHDL File  ; C:/Users/thive/Desktop/Insper/SextoSemestre/DesComp/AulasDesignComputadores/MIPS_A_project/MIPS_A_project_restored/estendeSinalGenerico.vhd ;         ;
; constantesMIPS.vhd               ; yes             ; User VHDL File  ; C:/Users/thive/Desktop/Insper/SextoSemestre/DesComp/AulasDesignComputadores/MIPS_A_project/MIPS_A_project_restored/constantesMIPS.vhd       ;         ;
; bancoRegistradores.vhd           ; yes             ; User VHDL File  ; C:/Users/thive/Desktop/Insper/SextoSemestre/DesComp/AulasDesignComputadores/MIPS_A_project/MIPS_A_project_restored/bancoRegistradores.vhd   ;         ;
; MIPS_A_project.vhd               ; yes             ; User VHDL File  ; C:/Users/thive/Desktop/Insper/SextoSemestre/DesComp/AulasDesignComputadores/MIPS_A_project/MIPS_A_project_restored/MIPS_A_project.vhd       ;         ;
+----------------------------------+-----------------+-----------------+---------------------------------------------------------------------------------------------------------------------------------------------+---------+


+-----------------------------------------------------------------------+
; Analysis & Synthesis Resource Usage Summary                           ;
+---------------------------------------------+-------------------------+
; Resource                                    ; Usage                   ;
+---------------------------------------------+-------------------------+
; Estimate of Logic utilization (ALMs needed) ; 2378                    ;
;                                             ;                         ;
; Combinational ALUT usage for logic          ; 1954                    ;
;     -- 7 input functions                    ; 212                     ;
;     -- 6 input functions                    ; 1081                    ;
;     -- 5 input functions                    ; 213                     ;
;     -- 4 input functions                    ; 157                     ;
;     -- <=3 input functions                  ; 291                     ;
;                                             ;                         ;
; Dedicated logic registers                   ; 2977                    ;
;                                             ;                         ;
; I/O pins                                    ; 48                      ;
;                                             ;                         ;
; Total DSP Blocks                            ; 0                       ;
;                                             ;                         ;
; Maximum fan-out node                        ; edgeDetector:edge|saida ;
; Maximum fan-out                             ; 2976                    ;
; Total fan-out                               ; 19292                   ;
; Average fan-out                             ; 3.84                    ;
+---------------------------------------------+-------------------------+


+-------------------------------------------------------------------------------------------------------------------------------------------------------------------------------------------------------------------------------------------------------------------------+
; Analysis & Synthesis Resource Utilization by Entity                                                                                                                                                                                                                     ;
+---------------------------------------------+---------------------+---------------------------+-------------------+------------+------+--------------+-----------------------------------------------------------------------------+---------------------+--------------+
; Compilation Hierarchy Node                  ; Combinational ALUTs ; Dedicated Logic Registers ; Block Memory Bits ; DSP Blocks ; Pins ; Virtual Pins ; Full Hierarchy Name                                                         ; Entity Name         ; Library Name ;
+---------------------------------------------+---------------------+---------------------------+-------------------+------------+------+--------------+-----------------------------------------------------------------------------+---------------------+--------------+
; |MIPS_A_project                             ; 1954 (85)           ; 2977 (0)                  ; 0                 ; 0          ; 48   ; 0            ; |MIPS_A_project                                                             ; MIPS_A_project      ; work         ;
;    |RAMMIPS:RAM_mips|                       ; 864 (864)           ; 2048 (2048)               ; 0                 ; 0          ; 0    ; 0            ; |MIPS_A_project|RAMMIPS:RAM_mips                                            ; RAMMIPS             ; work         ;
;    |conversorHex7Seg:display0|              ; 7 (7)               ; 0 (0)                     ; 0                 ; 0          ; 0    ; 0            ; |MIPS_A_project|conversorHex7Seg:display0                                   ; conversorHex7Seg    ; work         ;
;    |conversorHex7Seg:display1|              ; 7 (7)               ; 0 (0)                     ; 0                 ; 0          ; 0    ; 0            ; |MIPS_A_project|conversorHex7Seg:display1                                   ; conversorHex7Seg    ; work         ;
;    |conversorHex7Seg:display2|              ; 7 (7)               ; 0 (0)                     ; 0                 ; 0          ; 0    ; 0            ; |MIPS_A_project|conversorHex7Seg:display2                                   ; conversorHex7Seg    ; work         ;
;    |conversorHex7Seg:display3|              ; 7 (7)               ; 0 (0)                     ; 0                 ; 0          ; 0    ; 0            ; |MIPS_A_project|conversorHex7Seg:display3                                   ; conversorHex7Seg    ; work         ;
;    |conversorHex7Seg:display4|              ; 7 (7)               ; 0 (0)                     ; 0                 ; 0          ; 0    ; 0            ; |MIPS_A_project|conversorHex7Seg:display4                                   ; conversorHex7Seg    ; work         ;
;    |conversorHex7Seg:display5|              ; 7 (7)               ; 0 (0)                     ; 0                 ; 0          ; 0    ; 0            ; |MIPS_A_project|conversorHex7Seg:display5                                   ; conversorHex7Seg    ; work         ;
;    |edgeDetector:edge|                      ; 2 (2)               ; 1 (1)                     ; 0                 ; 0          ; 0    ; 0            ; |MIPS_A_project|edgeDetector:edge                                           ; edgeDetector        ; work         ;
;    |processador:processador|                ; 961 (3)             ; 928 (0)                   ; 0                 ; 0          ; 0    ; 0            ; |MIPS_A_project|processador:processador                                     ; processador         ; work         ;
;       |ROMMIPS:ROM_mips|                    ; 34 (34)             ; 0 (0)                     ; 0                 ; 0          ; 0    ; 0            ; |MIPS_A_project|processador:processador|ROMMIPS:ROM_mips                    ; ROMMIPS             ; work         ;
;       |ULA:ULA|                             ; 153 (153)           ; 0 (0)                     ; 0                 ; 0          ; 0    ; 0            ; |MIPS_A_project|processador:processador|ULA:ULA                             ; ULA                 ; work         ;
;       |bancoRegistradores:bancoRegistrador| ; 551 (551)           ; 896 (896)                 ; 0                 ; 0          ; 0    ; 0            ; |MIPS_A_project|processador:processador|bancoRegistradores:bancoRegistrador ; bancoRegistradores  ; work         ;
;       |muxGenerico2x1:MUX1|                 ; 32 (32)             ; 0 (0)                     ; 0                 ; 0          ; 0    ; 0            ; |MIPS_A_project|processador:processador|muxGenerico2x1:MUX1                 ; muxGenerico2x1      ; work         ;
;       |muxGenerico2x1:MUX_LUI|              ; 66 (66)             ; 0 (0)                     ; 0                 ; 0          ; 0    ; 0            ; |MIPS_A_project|processador:processador|muxGenerico2x1:MUX_LUI              ; muxGenerico2x1      ; work         ;
;       |muxGenerico4x1:MUX0|                 ; 5 (5)               ; 0 (0)                     ; 0                 ; 0          ; 0    ; 0            ; |MIPS_A_project|processador:processador|muxGenerico4x1:MUX0                 ; muxGenerico4x1      ; work         ;
;       |muxGenerico4x1:MUX_jump|             ; 36 (36)             ; 0 (0)                     ; 0                 ; 0          ; 0    ; 0            ; |MIPS_A_project|processador:processador|muxGenerico4x1:MUX_jump             ; muxGenerico4x1      ; work         ;
;       |registradorGenerico:PC|              ; 2 (2)               ; 32 (32)                   ; 0                 ; 0          ; 0    ; 0            ; |MIPS_A_project|processador:processador|registradorGenerico:PC              ; registradorGenerico ; work         ;
;       |somaConstante:somadorPC|             ; 30 (30)             ; 0 (0)                     ; 0                 ; 0          ; 0    ; 0            ; |MIPS_A_project|processador:processador|somaConstante:somadorPC             ; somaConstante       ; work         ;
;       |somadorGenerico:somador_somador|     ; 30 (30)             ; 0 (0)                     ; 0                 ; 0          ; 0    ; 0            ; |MIPS_A_project|processador:processador|somadorGenerico:somador_somador     ; somadorGenerico     ; work         ;
;       |unidadeControleFD:UC|                ; 12 (12)             ; 0 (0)                     ; 0                 ; 0          ; 0    ; 0            ; |MIPS_A_project|processador:processador|unidadeControleFD:UC                ; unidadeControleFD   ; work         ;
;       |unidadeControleULA:UC_ULA|           ; 7 (7)               ; 0 (0)                     ; 0                 ; 0          ; 0    ; 0            ; |MIPS_A_project|processador:processador|unidadeControleULA:UC_ULA           ; unidadeControleULA  ; work         ;
+---------------------------------------------+---------------------+---------------------------+-------------------+------------+------+--------------+-----------------------------------------------------------------------------+---------------------+--------------+
Note: For table entries with two numbers listed, the numbers in parentheses indicate the number of resources of the given type used by the specific entity alone. The numbers listed outside of parentheses indicate the total resources of the given type used by the specific entity and all of its sub-entities in the hierarchy.


+---------------------------------------------------------------------------------------------------------------------------+
; Registers Removed During Synthesis                                                                                        ;
+-----------------------------------------------------------------------------+---------------------------------------------+
; Register name                                                               ; Reason for Removal                          ;
+-----------------------------------------------------------------------------+---------------------------------------------+
; processador:processador|bancoRegistradores:bancoRegistrador|registrador~552 ; Stuck at GND due to stuck port clock_enable ;
; processador:processador|bancoRegistradores:bancoRegistrador|registrador~616 ; Stuck at GND due to stuck port clock_enable ;
; processador:processador|bancoRegistradores:bancoRegistrador|registrador~808 ; Stuck at GND due to stuck port clock_enable ;
; processador:processador|bancoRegistradores:bancoRegistrador|registrador~872 ; Stuck at GND due to stuck port clock_enable ;
; processador:processador|bancoRegistradores:bancoRegistrador|registrador~556 ; Stuck at GND due to stuck port clock_enable ;
; processador:processador|bancoRegistradores:bancoRegistrador|registrador~620 ; Stuck at GND due to stuck port clock_enable ;
; processador:processador|bancoRegistradores:bancoRegistrador|registrador~812 ; Stuck at GND due to stuck port clock_enable ;
; processador:processador|bancoRegistradores:bancoRegistrador|registrador~876 ; Stuck at GND due to stuck port clock_enable ;
; processador:processador|bancoRegistradores:bancoRegistrador|registrador~557 ; Stuck at GND due to stuck port clock_enable ;
; processador:processador|bancoRegistradores:bancoRegistrador|registrador~621 ; Stuck at GND due to stuck port clock_enable ;
; processador:processador|bancoRegistradores:bancoRegistrador|registrador~813 ; Stuck at GND due to stuck port clock_enable ;
; processador:processador|bancoRegistradores:bancoRegistrador|registrador~877 ; Stuck at GND due to stuck port clock_enable ;
; processador:processador|bancoRegistradores:bancoRegistrador|registrador~554 ; Stuck at GND due to stuck port clock_enable ;
; processador:processador|bancoRegistradores:bancoRegistrador|registrador~618 ; Stuck at GND due to stuck port clock_enable ;
; processador:processador|bancoRegistradores:bancoRegistrador|registrador~810 ; Stuck at GND due to stuck port clock_enable ;
; processador:processador|bancoRegistradores:bancoRegistrador|registrador~874 ; Stuck at GND due to stuck port clock_enable ;
; processador:processador|bancoRegistradores:bancoRegistrador|registrador~555 ; Stuck at GND due to stuck port clock_enable ;
; processador:processador|bancoRegistradores:bancoRegistrador|registrador~619 ; Stuck at GND due to stuck port clock_enable ;
; processador:processador|bancoRegistradores:bancoRegistrador|registrador~811 ; Stuck at GND due to stuck port clock_enable ;
; processador:processador|bancoRegistradores:bancoRegistrador|registrador~875 ; Stuck at GND due to stuck port clock_enable ;
; processador:processador|bancoRegistradores:bancoRegistrador|registrador~553 ; Stuck at GND due to stuck port clock_enable ;
; processador:processador|bancoRegistradores:bancoRegistrador|registrador~617 ; Stuck at GND due to stuck port clock_enable ;
; processador:processador|bancoRegistradores:bancoRegistrador|registrador~809 ; Stuck at GND due to stuck port clock_enable ;
; processador:processador|bancoRegistradores:bancoRegistrador|registrador~873 ; Stuck at GND due to stuck port clock_enable ;
; processador:processador|bancoRegistradores:bancoRegistrador|registrador~550 ; Stuck at GND due to stuck port clock_enable ;
; processador:processador|bancoRegistradores:bancoRegistrador|registrador~614 ; Stuck at GND due to stuck port clock_enable ;
; processador:processador|bancoRegistradores:bancoRegistrador|registrador~806 ; Stuck at GND due to stuck port clock_enable ;
; processador:processador|bancoRegistradores:bancoRegistrador|registrador~870 ; Stuck at GND due to stuck port clock_enable ;
; processador:processador|bancoRegistradores:bancoRegistrador|registrador~551 ; Stuck at GND due to stuck port clock_enable ;
; processador:processador|bancoRegistradores:bancoRegistrador|registrador~615 ; Stuck at GND due to stuck port clock_enable ;
; processador:processador|bancoRegistradores:bancoRegistrador|registrador~807 ; Stuck at GND due to stuck port clock_enable ;
; processador:processador|bancoRegistradores:bancoRegistrador|registrador~871 ; Stuck at GND due to stuck port clock_enable ;
; processador:processador|bancoRegistradores:bancoRegistrador|registrador~560 ; Stuck at GND due to stuck port clock_enable ;
; processador:processador|bancoRegistradores:bancoRegistrador|registrador~624 ; Stuck at GND due to stuck port clock_enable ;
; processador:processador|bancoRegistradores:bancoRegistrador|registrador~816 ; Stuck at GND due to stuck port clock_enable ;
; processador:processador|bancoRegistradores:bancoRegistrador|registrador~880 ; Stuck at GND due to stuck port clock_enable ;
; processador:processador|bancoRegistradores:bancoRegistrador|registrador~558 ; Stuck at GND due to stuck port clock_enable ;
; processador:processador|bancoRegistradores:bancoRegistrador|registrador~622 ; Stuck at GND due to stuck port clock_enable ;
; processador:processador|bancoRegistradores:bancoRegistrador|registrador~814 ; Stuck at GND due to stuck port clock_enable ;
; processador:processador|bancoRegistradores:bancoRegistrador|registrador~878 ; Stuck at GND due to stuck port clock_enable ;
; processador:processador|bancoRegistradores:bancoRegistrador|registrador~561 ; Stuck at GND due to stuck port clock_enable ;
; processador:processador|bancoRegistradores:bancoRegistrador|registrador~625 ; Stuck at GND due to stuck port clock_enable ;
; processador:processador|bancoRegistradores:bancoRegistrador|registrador~817 ; Stuck at GND due to stuck port clock_enable ;
; processador:processador|bancoRegistradores:bancoRegistrador|registrador~881 ; Stuck at GND due to stuck port clock_enable ;
; processador:processador|bancoRegistradores:bancoRegistrador|registrador~559 ; Stuck at GND due to stuck port clock_enable ;
; processador:processador|bancoRegistradores:bancoRegistrador|registrador~623 ; Stuck at GND due to stuck port clock_enable ;
; processador:processador|bancoRegistradores:bancoRegistrador|registrador~815 ; Stuck at GND due to stuck port clock_enable ;
; processador:processador|bancoRegistradores:bancoRegistrador|registrador~879 ; Stuck at GND due to stuck port clock_enable ;
; processador:processador|bancoRegistradores:bancoRegistrador|registrador~564 ; Stuck at GND due to stuck port clock_enable ;
; processador:processador|bancoRegistradores:bancoRegistrador|registrador~628 ; Stuck at GND due to stuck port clock_enable ;
; processador:processador|bancoRegistradores:bancoRegistrador|registrador~820 ; Stuck at GND due to stuck port clock_enable ;
; processador:processador|bancoRegistradores:bancoRegistrador|registrador~884 ; Stuck at GND due to stuck port clock_enable ;
; processador:processador|bancoRegistradores:bancoRegistrador|registrador~562 ; Stuck at GND due to stuck port clock_enable ;
; processador:processador|bancoRegistradores:bancoRegistrador|registrador~626 ; Stuck at GND due to stuck port clock_enable ;
; processador:processador|bancoRegistradores:bancoRegistrador|registrador~818 ; Stuck at GND due to stuck port clock_enable ;
; processador:processador|bancoRegistradores:bancoRegistrador|registrador~882 ; Stuck at GND due to stuck port clock_enable ;
; processador:processador|bancoRegistradores:bancoRegistrador|registrador~565 ; Stuck at GND due to stuck port clock_enable ;
; processador:processador|bancoRegistradores:bancoRegistrador|registrador~629 ; Stuck at GND due to stuck port clock_enable ;
; processador:processador|bancoRegistradores:bancoRegistrador|registrador~821 ; Stuck at GND due to stuck port clock_enable ;
; processador:processador|bancoRegistradores:bancoRegistrador|registrador~885 ; Stuck at GND due to stuck port clock_enable ;
; processador:processador|bancoRegistradores:bancoRegistrador|registrador~563 ; Stuck at GND due to stuck port clock_enable ;
; processador:processador|bancoRegistradores:bancoRegistrador|registrador~627 ; Stuck at GND due to stuck port clock_enable ;
; processador:processador|bancoRegistradores:bancoRegistrador|registrador~819 ; Stuck at GND due to stuck port clock_enable ;
; processador:processador|bancoRegistradores:bancoRegistrador|registrador~883 ; Stuck at GND due to stuck port clock_enable ;
; processador:processador|bancoRegistradores:bancoRegistrador|registrador~568 ; Stuck at GND due to stuck port clock_enable ;
; processador:processador|bancoRegistradores:bancoRegistrador|registrador~632 ; Stuck at GND due to stuck port clock_enable ;
; processador:processador|bancoRegistradores:bancoRegistrador|registrador~824 ; Stuck at GND due to stuck port clock_enable ;
; processador:processador|bancoRegistradores:bancoRegistrador|registrador~888 ; Stuck at GND due to stuck port clock_enable ;
; processador:processador|bancoRegistradores:bancoRegistrador|registrador~566 ; Stuck at GND due to stuck port clock_enable ;
; processador:processador|bancoRegistradores:bancoRegistrador|registrador~630 ; Stuck at GND due to stuck port clock_enable ;
; processador:processador|bancoRegistradores:bancoRegistrador|registrador~822 ; Stuck at GND due to stuck port clock_enable ;
; processador:processador|bancoRegistradores:bancoRegistrador|registrador~886 ; Stuck at GND due to stuck port clock_enable ;
; processador:processador|bancoRegistradores:bancoRegistrador|registrador~569 ; Stuck at GND due to stuck port clock_enable ;
; processador:processador|bancoRegistradores:bancoRegistrador|registrador~633 ; Stuck at GND due to stuck port clock_enable ;
; processador:processador|bancoRegistradores:bancoRegistrador|registrador~825 ; Stuck at GND due to stuck port clock_enable ;
; processador:processador|bancoRegistradores:bancoRegistrador|registrador~889 ; Stuck at GND due to stuck port clock_enable ;
; processador:processador|bancoRegistradores:bancoRegistrador|registrador~567 ; Stuck at GND due to stuck port clock_enable ;
; processador:processador|bancoRegistradores:bancoRegistrador|registrador~631 ; Stuck at GND due to stuck port clock_enable ;
; processador:processador|bancoRegistradores:bancoRegistrador|registrador~823 ; Stuck at GND due to stuck port clock_enable ;
; processador:processador|bancoRegistradores:bancoRegistrador|registrador~887 ; Stuck at GND due to stuck port clock_enable ;
; processador:processador|bancoRegistradores:bancoRegistrador|registrador~572 ; Stuck at GND due to stuck port clock_enable ;
; processador:processador|bancoRegistradores:bancoRegistrador|registrador~636 ; Stuck at GND due to stuck port clock_enable ;
; processador:processador|bancoRegistradores:bancoRegistrador|registrador~828 ; Stuck at GND due to stuck port clock_enable ;
; processador:processador|bancoRegistradores:bancoRegistrador|registrador~892 ; Stuck at GND due to stuck port clock_enable ;
; processador:processador|bancoRegistradores:bancoRegistrador|registrador~570 ; Stuck at GND due to stuck port clock_enable ;
; processador:processador|bancoRegistradores:bancoRegistrador|registrador~634 ; Stuck at GND due to stuck port clock_enable ;
; processador:processador|bancoRegistradores:bancoRegistrador|registrador~826 ; Stuck at GND due to stuck port clock_enable ;
; processador:processador|bancoRegistradores:bancoRegistrador|registrador~890 ; Stuck at GND due to stuck port clock_enable ;
; processador:processador|bancoRegistradores:bancoRegistrador|registrador~573 ; Stuck at GND due to stuck port clock_enable ;
; processador:processador|bancoRegistradores:bancoRegistrador|registrador~637 ; Stuck at GND due to stuck port clock_enable ;
; processador:processador|bancoRegistradores:bancoRegistrador|registrador~829 ; Stuck at GND due to stuck port clock_enable ;
; processador:processador|bancoRegistradores:bancoRegistrador|registrador~893 ; Stuck at GND due to stuck port clock_enable ;
; processador:processador|bancoRegistradores:bancoRegistrador|registrador~571 ; Stuck at GND due to stuck port clock_enable ;
; processador:processador|bancoRegistradores:bancoRegistrador|registrador~635 ; Stuck at GND due to stuck port clock_enable ;
; processador:processador|bancoRegistradores:bancoRegistrador|registrador~827 ; Stuck at GND due to stuck port clock_enable ;
; processador:processador|bancoRegistradores:bancoRegistrador|registrador~891 ; Stuck at GND due to stuck port clock_enable ;
; processador:processador|bancoRegistradores:bancoRegistrador|registrador~581 ; Stuck at GND due to stuck port clock_enable ;
; processador:processador|bancoRegistradores:bancoRegistrador|registrador~645 ; Stuck at GND due to stuck port clock_enable ;
; processador:processador|bancoRegistradores:bancoRegistrador|registrador~837 ; Stuck at GND due to stuck port clock_enable ;
; processador:processador|bancoRegistradores:bancoRegistrador|registrador~901 ; Stuck at GND due to stuck port clock_enable ;
; processador:processador|bancoRegistradores:bancoRegistrador|registrador~576 ; Stuck at GND due to stuck port clock_enable ;
; processador:processador|bancoRegistradores:bancoRegistrador|registrador~640 ; Stuck at GND due to stuck port clock_enable ;
; processador:processador|bancoRegistradores:bancoRegistrador|registrador~832 ; Stuck at GND due to stuck port clock_enable ;
; processador:processador|bancoRegistradores:bancoRegistrador|registrador~896 ; Stuck at GND due to stuck port clock_enable ;
; processador:processador|bancoRegistradores:bancoRegistrador|registrador~577 ; Stuck at GND due to stuck port clock_enable ;
; processador:processador|bancoRegistradores:bancoRegistrador|registrador~641 ; Stuck at GND due to stuck port clock_enable ;
; processador:processador|bancoRegistradores:bancoRegistrador|registrador~833 ; Stuck at GND due to stuck port clock_enable ;
; processador:processador|bancoRegistradores:bancoRegistrador|registrador~897 ; Stuck at GND due to stuck port clock_enable ;
; processador:processador|bancoRegistradores:bancoRegistrador|registrador~575 ; Stuck at GND due to stuck port clock_enable ;
; processador:processador|bancoRegistradores:bancoRegistrador|registrador~639 ; Stuck at GND due to stuck port clock_enable ;
; processador:processador|bancoRegistradores:bancoRegistrador|registrador~831 ; Stuck at GND due to stuck port clock_enable ;
; processador:processador|bancoRegistradores:bancoRegistrador|registrador~895 ; Stuck at GND due to stuck port clock_enable ;
; processador:processador|bancoRegistradores:bancoRegistrador|registrador~580 ; Stuck at GND due to stuck port clock_enable ;
; processador:processador|bancoRegistradores:bancoRegistrador|registrador~644 ; Stuck at GND due to stuck port clock_enable ;
; processador:processador|bancoRegistradores:bancoRegistrador|registrador~836 ; Stuck at GND due to stuck port clock_enable ;
; processador:processador|bancoRegistradores:bancoRegistrador|registrador~900 ; Stuck at GND due to stuck port clock_enable ;
; processador:processador|bancoRegistradores:bancoRegistrador|registrador~579 ; Stuck at GND due to stuck port clock_enable ;
; processador:processador|bancoRegistradores:bancoRegistrador|registrador~643 ; Stuck at GND due to stuck port clock_enable ;
; processador:processador|bancoRegistradores:bancoRegistrador|registrador~835 ; Stuck at GND due to stuck port clock_enable ;
; processador:processador|bancoRegistradores:bancoRegistrador|registrador~899 ; Stuck at GND due to stuck port clock_enable ;
; processador:processador|bancoRegistradores:bancoRegistrador|registrador~578 ; Stuck at GND due to stuck port clock_enable ;
; processador:processador|bancoRegistradores:bancoRegistrador|registrador~642 ; Stuck at GND due to stuck port clock_enable ;
; processador:processador|bancoRegistradores:bancoRegistrador|registrador~834 ; Stuck at GND due to stuck port clock_enable ;
; processador:processador|bancoRegistradores:bancoRegistrador|registrador~898 ; Stuck at GND due to stuck port clock_enable ;
; processador:processador|bancoRegistradores:bancoRegistrador|registrador~574 ; Stuck at GND due to stuck port clock_enable ;
; processador:processador|bancoRegistradores:bancoRegistrador|registrador~638 ; Stuck at GND due to stuck port clock_enable ;
; processador:processador|bancoRegistradores:bancoRegistrador|registrador~830 ; Stuck at GND due to stuck port clock_enable ;
; processador:processador|bancoRegistradores:bancoRegistrador|registrador~894 ; Stuck at GND due to stuck port clock_enable ;
; Total Number of Removed Registers = 128                                     ;                                             ;
+-----------------------------------------------------------------------------+---------------------------------------------+


+---------------------------------------------------------------------------------------------------------------------------------------------------------------------------------------------+
; Removed Registers Triggering Further Register Optimizations                                                                                                                                 ;
+-----------------------------------------------------------------------------+--------------------------------+------------------------------------------------------------------------------+
; Register name                                                               ; Reason for Removal             ; Registers Removed due to This Register                                       ;
+-----------------------------------------------------------------------------+--------------------------------+------------------------------------------------------------------------------+
; processador:processador|bancoRegistradores:bancoRegistrador|registrador~573 ; Stuck at GND                   ; processador:processador|bancoRegistradores:bancoRegistrador|registrador~574, ;
;                                                                             ; due to stuck port clock_enable ; processador:processador|bancoRegistradores:bancoRegistrador|registrador~638, ;
;                                                                             ;                                ; processador:processador|bancoRegistradores:bancoRegistrador|registrador~830, ;
;                                                                             ;                                ; processador:processador|bancoRegistradores:bancoRegistrador|registrador~894  ;
+-----------------------------------------------------------------------------+--------------------------------+------------------------------------------------------------------------------+


+------------------------------------------------------+
; General Register Statistics                          ;
+----------------------------------------------+-------+
; Statistic                                    ; Value ;
+----------------------------------------------+-------+
; Total registers                              ; 2977  ;
; Number of registers using Synchronous Clear  ; 0     ;
; Number of registers using Synchronous Load   ; 0     ;
; Number of registers using Asynchronous Clear ; 0     ;
; Number of registers using Asynchronous Load  ; 0     ;
; Number of registers using Clock Enable       ; 2946  ;
; Number of registers using Preset             ; 0     ;
+----------------------------------------------+-------+


+------------------------------------------------------------------------------------------------------------------------------------------------------------------------------------------------+
; Multiplexer Restructuring Statistics (Restructuring Performed)                                                                                                                                 ;
+--------------------+-----------+---------------+----------------------+------------------------+------------+----------------------------------------------------------------------------------+
; Multiplexer Inputs ; Bus Width ; Baseline Area ; Area if Restructured ; Saving if Restructured ; Registered ; Example Multiplexer Output                                                       ;
+--------------------+-----------+---------------+----------------------+------------------------+------------+----------------------------------------------------------------------------------+
; 4:1                ; 2 bits    ; 4 LEs         ; 4 LEs                ; 0 LEs                  ; Yes        ; |MIPS_A_project|processador:processador|registradorGenerico:PC|DOUT[0]           ;
; 4:1                ; 4 bits    ; 8 LEs         ; 8 LEs                ; 0 LEs                  ; Yes        ; |MIPS_A_project|processador:processador|registradorGenerico:PC|DOUT[28]          ;
; 5:1                ; 25 bits   ; 75 LEs        ; 50 LEs               ; 25 LEs                 ; Yes        ; |MIPS_A_project|processador:processador|registradorGenerico:PC|DOUT[20]          ;
; 8:1                ; 31 bits   ; 155 LEs       ; 124 LEs              ; 31 LEs                 ; No         ; |MIPS_A_project|processador:processador|ULA:ULA|saida[9]                         ;
; 4:1                ; 24 bits   ; 48 LEs        ; 48 LEs               ; 0 LEs                  ; No         ; |MIPS_A_project|display[14]                                                      ;
; 5:1                ; 16 bits   ; 48 LEs        ; 48 LEs               ; 0 LEs                  ; No         ; |MIPS_A_project|processador:processador|muxGenerico2x1:MUX_LUI|saida_MUX[7]      ;
; 5:1                ; 16 bits   ; 48 LEs        ; 48 LEs               ; 0 LEs                  ; No         ; |MIPS_A_project|processador:processador|muxGenerico2x1:MUX_LUI|saida_MUX[21]     ;
; 6:1                ; 2 bits    ; 8 LEs         ; 8 LEs                ; 0 LEs                  ; No         ; |MIPS_A_project|processador:processador|unidadeControleFD:UC|palavraControle[13] ;
; 7:1                ; 2 bits    ; 8 LEs         ; 8 LEs                ; 0 LEs                  ; No         ; |MIPS_A_project|processador:processador|unidadeControleULA:UC_ULA|ULActrl[2]     ;
+--------------------+-----------+---------------+----------------------+------------------------+------------+----------------------------------------------------------------------------------+


+--------------------------------------------------------------------------------+
; Parameter Settings for User Entity Instance: Top-level Entity: |MIPS_A_project ;
+----------------+-------+-------------------------------------------------------+
; Parameter Name ; Value ; Type                                                  ;
+----------------+-------+-------------------------------------------------------+
; DATA_WIDTH     ; 32    ; Signed Integer                                        ;
; ADDR_WIDTH     ; 32    ; Signed Integer                                        ;
+----------------+-------+-------------------------------------------------------+
Note: In order to hide this table in the UI and the text report file, please set the "Show Parameter Settings in Synthesis Report" option in "Analysis and Synthesis Settings -> More Settings" to "Off".


+----------------------------------------------------------------------+
; Parameter Settings for User Entity Instance: processador:processador ;
+----------------+-------+---------------------------------------------+
; Parameter Name ; Value ; Type                                        ;
+----------------+-------+---------------------------------------------+
; data_width     ; 32    ; Signed Integer                              ;
; addr_width     ; 32    ; Signed Integer                              ;
+----------------+-------+---------------------------------------------+
Note: In order to hide this table in the UI and the text report file, please set the "Show Parameter Settings in Synthesis Report" option in "Analysis and Synthesis Settings -> More Settings" to "Off".


+--------------------------------------------------------------------------------------------------+
; Parameter Settings for User Entity Instance: processador:processador|shftLEFT:LEFT_sinal_externo ;
+----------------+-------+-------------------------------------------------------------------------+
; Parameter Name ; Value ; Type                                                                    ;
+----------------+-------+-------------------------------------------------------------------------+
; data_width     ; 32    ; Signed Integer                                                          ;
+----------------+-------+-------------------------------------------------------------------------+
Note: In order to hide this table in the UI and the text report file, please set the "Show Parameter Settings in Synthesis Report" option in "Analysis and Synthesis Settings -> More Settings" to "Off".


+------------------------------------------------------------------------------------------------------+
; Parameter Settings for User Entity Instance: processador:processador|somadorGenerico:somador_somador ;
+----------------+-------+-----------------------------------------------------------------------------+
; Parameter Name ; Value ; Type                                                                        ;
+----------------+-------+-----------------------------------------------------------------------------+
; larguradados   ; 32    ; Signed Integer                                                              ;
+----------------+-------+-----------------------------------------------------------------------------+
Note: In order to hide this table in the UI and the text report file, please set the "Show Parameter Settings in Synthesis Report" option in "Analysis and Synthesis Settings -> More Settings" to "Off".


+-------------------------------------------------------------------------------------------------+
; Parameter Settings for User Entity Instance: processador:processador|muxGenerico2x1:MUX_somador ;
+----------------+-------+------------------------------------------------------------------------+
; Parameter Name ; Value ; Type                                                                   ;
+----------------+-------+------------------------------------------------------------------------+
; larguradados   ; 32    ; Signed Integer                                                         ;
+----------------+-------+------------------------------------------------------------------------+
Note: In order to hide this table in the UI and the text report file, please set the "Show Parameter Settings in Synthesis Report" option in "Analysis and Synthesis Settings -> More Settings" to "Off".


+----------------------------------------------------------------------------------------------+
; Parameter Settings for User Entity Instance: processador:processador|muxGenerico4x1:MUX_jump ;
+----------------+-------+---------------------------------------------------------------------+
; Parameter Name ; Value ; Type                                                                ;
+----------------+-------+---------------------------------------------------------------------+
; larguradados   ; 32    ; Signed Integer                                                      ;
+----------------+-------+---------------------------------------------------------------------+
Note: In order to hide this table in the UI and the text report file, please set the "Show Parameter Settings in Synthesis Report" option in "Analysis and Synthesis Settings -> More Settings" to "Off".


+---------------------------------------------------------------------------------------------+
; Parameter Settings for User Entity Instance: processador:processador|registradorGenerico:PC ;
+----------------+-------+--------------------------------------------------------------------+
; Parameter Name ; Value ; Type                                                               ;
+----------------+-------+--------------------------------------------------------------------+
; larguradados   ; 32    ; Signed Integer                                                     ;
+----------------+-------+--------------------------------------------------------------------+
Note: In order to hide this table in the UI and the text report file, please set the "Show Parameter Settings in Synthesis Report" option in "Analysis and Synthesis Settings -> More Settings" to "Off".


+----------------------------------------------------------------------------------------------+
; Parameter Settings for User Entity Instance: processador:processador|somaConstante:somadorPC ;
+----------------+-------+---------------------------------------------------------------------+
; Parameter Name ; Value ; Type                                                                ;
+----------------+-------+---------------------------------------------------------------------+
; larguradados   ; 32    ; Signed Integer                                                      ;
; constante      ; 4     ; Signed Integer                                                      ;
+----------------+-------+---------------------------------------------------------------------+
Note: In order to hide this table in the UI and the text report file, please set the "Show Parameter Settings in Synthesis Report" option in "Analysis and Synthesis Settings -> More Settings" to "Off".


+---------------------------------------------------------------------------------------+
; Parameter Settings for User Entity Instance: processador:processador|ROMMIPS:ROM_mips ;
+-----------------+-------+-------------------------------------------------------------+
; Parameter Name  ; Value ; Type                                                        ;
+-----------------+-------+-------------------------------------------------------------+
; datawidth       ; 32    ; Signed Integer                                              ;
; addrwidth       ; 32    ; Signed Integer                                              ;
; memoryaddrwidth ; 6     ; Signed Integer                                              ;
+-----------------+-------+-------------------------------------------------------------+
Note: In order to hide this table in the UI and the text report file, please set the "Show Parameter Settings in Synthesis Report" option in "Analysis and Synthesis Settings -> More Settings" to "Off".


+------------------------------------------------------------------------------------------+
; Parameter Settings for User Entity Instance: processador:processador|muxGenerico4x1:MUX0 ;
+----------------+-------+-----------------------------------------------------------------+
; Parameter Name ; Value ; Type                                                            ;
+----------------+-------+-----------------------------------------------------------------+
; larguradados   ; 5     ; Signed Integer                                                  ;
+----------------+-------+-----------------------------------------------------------------+
Note: In order to hide this table in the UI and the text report file, please set the "Show Parameter Settings in Synthesis Report" option in "Analysis and Synthesis Settings -> More Settings" to "Off".


+---------------------------------------------------------------------------------------------+
; Parameter Settings for User Entity Instance: processador:processador|muxGenerico2x1:MUX_LUI ;
+----------------+-------+--------------------------------------------------------------------+
; Parameter Name ; Value ; Type                                                               ;
+----------------+-------+--------------------------------------------------------------------+
; larguradados   ; 32    ; Signed Integer                                                     ;
+----------------+-------+--------------------------------------------------------------------+
Note: In order to hide this table in the UI and the text report file, please set the "Show Parameter Settings in Synthesis Report" option in "Analysis and Synthesis Settings -> More Settings" to "Off".


+----------------------------------------------------------------------------------------------------------+
; Parameter Settings for User Entity Instance: processador:processador|bancoRegistradores:bancoRegistrador ;
+---------------------+-------+----------------------------------------------------------------------------+
; Parameter Name      ; Value ; Type                                                                       ;
+---------------------+-------+----------------------------------------------------------------------------+
; larguradados        ; 32    ; Signed Integer                                                             ;
; larguraendbancoregs ; 5     ; Signed Integer                                                             ;
+---------------------+-------+----------------------------------------------------------------------------+
Note: In order to hide this table in the UI and the text report file, please set the "Show Parameter Settings in Synthesis Report" option in "Analysis and Synthesis Settings -> More Settings" to "Off".


+------------------------------------------------------------------------------------------+
; Parameter Settings for User Entity Instance: processador:processador|muxGenerico2x1:MUX1 ;
+----------------+-------+-----------------------------------------------------------------+
; Parameter Name ; Value ; Type                                                            ;
+----------------+-------+-----------------------------------------------------------------+
; larguradados   ; 32    ; Signed Integer                                                  ;
+----------------+-------+-----------------------------------------------------------------+
Note: In order to hide this table in the UI and the text report file, please set the "Show Parameter Settings in Synthesis Report" option in "Analysis and Synthesis Settings -> More Settings" to "Off".


+------------------------------------------------------------------------------+
; Parameter Settings for User Entity Instance: processador:processador|ULA:ULA ;
+----------------+-------+-----------------------------------------------------+
; Parameter Name ; Value ; Type                                                ;
+----------------+-------+-----------------------------------------------------+
; larguradados   ; 32    ; Signed Integer                                      ;
+----------------+-------+-----------------------------------------------------+
Note: In order to hide this table in the UI and the text report file, please set the "Show Parameter Settings in Synthesis Report" option in "Analysis and Synthesis Settings -> More Settings" to "Off".


+------------------------------------------------------------------------------------------+
; Parameter Settings for User Entity Instance: processador:processador|muxGenerico4x1:MUX2 ;
+----------------+-------+-----------------------------------------------------------------+
; Parameter Name ; Value ; Type                                                            ;
+----------------+-------+-----------------------------------------------------------------+
; larguradados   ; 32    ; Signed Integer                                                  ;
+----------------+-------+-----------------------------------------------------------------+
Note: In order to hide this table in the UI and the text report file, please set the "Show Parameter Settings in Synthesis Report" option in "Analysis and Synthesis Settings -> More Settings" to "Off".


+---------------------------------------------------------------------------------------------+
; Parameter Settings for User Entity Instance: processador:processador|muxGenerico2x1:MUX_ORI ;
+----------------+-------+--------------------------------------------------------------------+
; Parameter Name ; Value ; Type                                                               ;
+----------------+-------+--------------------------------------------------------------------+
; larguradados   ; 32    ; Signed Integer                                                     ;
+----------------+-------+--------------------------------------------------------------------+
Note: In order to hide this table in the UI and the text report file, please set the "Show Parameter Settings in Synthesis Report" option in "Analysis and Synthesis Settings -> More Settings" to "Off".


+----------------------------------------------------------------------------------------------------+
; Parameter Settings for User Entity Instance: processador:processador|estendeSinalGenerico:extensor ;
+--------------------+-------+-----------------------------------------------------------------------+
; Parameter Name     ; Value ; Type                                                                  ;
+--------------------+-------+-----------------------------------------------------------------------+
; larguradadoentrada ; 16    ; Signed Integer                                                        ;
; larguradadosaida   ; 32    ; Signed Integer                                                        ;
+--------------------+-------+-----------------------------------------------------------------------+
Note: In order to hide this table in the UI and the text report file, please set the "Show Parameter Settings in Synthesis Report" option in "Analysis and Synthesis Settings -> More Settings" to "Off".


+---------------------------------------------------------------+
; Parameter Settings for User Entity Instance: RAMMIPS:RAM_mips ;
+-----------------+-------+-------------------------------------+
; Parameter Name  ; Value ; Type                                ;
+-----------------+-------+-------------------------------------+
; datawidth       ; 32    ; Signed Integer                      ;
; addrwidth       ; 32    ; Signed Integer                      ;
; memoryaddrwidth ; 6     ; Signed Integer                      ;
+-----------------+-------+-------------------------------------+
Note: In order to hide this table in the UI and the text report file, please set the "Show Parameter Settings in Synthesis Report" option in "Analysis and Synthesis Settings -> More Settings" to "Off".


+-------------------------------------------------------+
; Port Connectivity Checks: "conversorHex7Seg:display5" ;
+----------+-------+----------+-------------------------+
; Port     ; Type  ; Severity ; Details                 ;
+----------+-------+----------+-------------------------+
; apaga    ; Input ; Info     ; Stuck at GND            ;
; negativo ; Input ; Info     ; Stuck at GND            ;
; overflow ; Input ; Info     ; Stuck at GND            ;
+----------+-------+----------+-------------------------+


+-------------------------------------------------------+
; Port Connectivity Checks: "conversorHex7Seg:display4" ;
+----------+-------+----------+-------------------------+
; Port     ; Type  ; Severity ; Details                 ;
+----------+-------+----------+-------------------------+
; apaga    ; Input ; Info     ; Stuck at GND            ;
; negativo ; Input ; Info     ; Stuck at GND            ;
; overflow ; Input ; Info     ; Stuck at GND            ;
+----------+-------+----------+-------------------------+


+-------------------------------------------------------+
; Port Connectivity Checks: "conversorHex7Seg:display3" ;
+----------+-------+----------+-------------------------+
; Port     ; Type  ; Severity ; Details                 ;
+----------+-------+----------+-------------------------+
; apaga    ; Input ; Info     ; Stuck at GND            ;
; negativo ; Input ; Info     ; Stuck at GND            ;
; overflow ; Input ; Info     ; Stuck at GND            ;
+----------+-------+----------+-------------------------+


+-------------------------------------------------------+
; Port Connectivity Checks: "conversorHex7Seg:display2" ;
+----------+-------+----------+-------------------------+
; Port     ; Type  ; Severity ; Details                 ;
+----------+-------+----------+-------------------------+
; apaga    ; Input ; Info     ; Stuck at GND            ;
; negativo ; Input ; Info     ; Stuck at GND            ;
; overflow ; Input ; Info     ; Stuck at GND            ;
+----------+-------+----------+-------------------------+


+-------------------------------------------------------+
; Port Connectivity Checks: "conversorHex7Seg:display1" ;
+----------+-------+----------+-------------------------+
; Port     ; Type  ; Severity ; Details                 ;
+----------+-------+----------+-------------------------+
; apaga    ; Input ; Info     ; Stuck at GND            ;
; negativo ; Input ; Info     ; Stuck at GND            ;
; overflow ; Input ; Info     ; Stuck at GND            ;
+----------+-------+----------+-------------------------+


+-------------------------------------------------------+
; Port Connectivity Checks: "conversorHex7Seg:display0" ;
+----------+-------+----------+-------------------------+
; Port     ; Type  ; Severity ; Details                 ;
+----------+-------+----------+-------------------------+
; apaga    ; Input ; Info     ; Stuck at GND            ;
; negativo ; Input ; Info     ; Stuck at GND            ;
; overflow ; Input ; Info     ; Stuck at GND            ;
+----------+-------+----------+-------------------------+


+----------------------------------------------------------------------------+
; Port Connectivity Checks: "processador:processador|muxGenerico2x1:MUX_ORI" ;
+----------------------+-------+----------+----------------------------------+
; Port                 ; Type  ; Severity ; Details                          ;
+----------------------+-------+----------+----------------------------------+
; entradab_mux[31..16] ; Input ; Info     ; Stuck at GND                     ;
+----------------------+-------+----------+----------------------------------+


+-------------------------------------------------------------------------+
; Port Connectivity Checks: "processador:processador|muxGenerico4x1:MUX2" ;
+--------------+-------+----------+---------------------------------------+
; Port         ; Type  ; Severity ; Details                               ;
+--------------+-------+----------+---------------------------------------+
; entradad_mux ; Input ; Info     ; Stuck at GND                          ;
+--------------+-------+----------+---------------------------------------+


+----------------------------------------------------------------------------+
; Port Connectivity Checks: "processador:processador|muxGenerico2x1:MUX_LUI" ;
+---------------------+-------+----------+-----------------------------------+
; Port                ; Type  ; Severity ; Details                           ;
+---------------------+-------+----------+-----------------------------------+
; entradab_mux[15..0] ; Input ; Info     ; Stuck at GND                      ;
+---------------------+-------+----------+-----------------------------------+


+-------------------------------------------------------------------------+
; Port Connectivity Checks: "processador:processador|muxGenerico4x1:MUX0" ;
+--------------+-------+----------+---------------------------------------+
; Port         ; Type  ; Severity ; Details                               ;
+--------------+-------+----------+---------------------------------------+
; entradac_mux ; Input ; Info     ; Stuck at VCC                          ;
; entradad_mux ; Input ; Info     ; Stuck at GND                          ;
+--------------+-------+----------+---------------------------------------+


+----------------------------------------------------------------------------+
; Port Connectivity Checks: "processador:processador|registradorGenerico:PC" ;
+--------+-------+----------+------------------------------------------------+
; Port   ; Type  ; Severity ; Details                                        ;
+--------+-------+----------+------------------------------------------------+
; enable ; Input ; Info     ; Stuck at VCC                                   ;
; rst    ; Input ; Info     ; Stuck at GND                                   ;
+--------+-------+----------+------------------------------------------------+


+-----------------------------------------------------------------------------+
; Port Connectivity Checks: "processador:processador|muxGenerico4x1:MUX_jump" ;
+--------------------+-------+----------+-------------------------------------+
; Port               ; Type  ; Severity ; Details                             ;
+--------------------+-------+----------+-------------------------------------+
; entradab_mux[1..0] ; Input ; Info     ; Stuck at GND                        ;
; entradad_mux       ; Input ; Info     ; Stuck at GND                        ;
+--------------------+-------+----------+-------------------------------------+


+-------------------------------------------------------------------------------------------------------------------------------+
; Port Connectivity Checks: "processador:processador"                                                                           ;
+---------------------+--------+----------+-------------------------------------------------------------------------------------+
; Port                ; Type   ; Severity ; Details                                                                             ;
+---------------------+--------+----------+-------------------------------------------------------------------------------------+
; pc_out[31..24]      ; Output ; Info     ; Connected to dangling logic. Logic that only feeds a dangling port will be removed. ;
; mux_lui_out[31..24] ; Output ; Info     ; Connected to dangling logic. Logic that only feeds a dangling port will be removed. ;
+---------------------+--------+----------+-------------------------------------------------------------------------------------+


+-----------------------------------------------------+
; Post-Synthesis Netlist Statistics for Top Partition ;
+-----------------------+-----------------------------+
; Type                  ; Count                       ;
+-----------------------+-----------------------------+
; arriav_ff             ; 2977                        ;
;     ENA               ; 2946                        ;
;     plain             ; 31                          ;
; arriav_lcell_comb     ; 1954                        ;
;     arith             ; 125                         ;
;         0 data inputs ; 1                           ;
;         1 data inputs ; 30                          ;
;         3 data inputs ; 1                           ;
;         4 data inputs ; 15                          ;
;         5 data inputs ; 78                          ;
;     extend            ; 212                         ;
;         7 data inputs ; 212                         ;
;     normal            ; 1617                        ;
;         1 data inputs ; 78                          ;
;         2 data inputs ; 136                         ;
;         3 data inputs ; 45                          ;
;         4 data inputs ; 142                         ;
;         5 data inputs ; 135                         ;
;         6 data inputs ; 1081                        ;
; boundary_port         ; 48                          ;
;                       ;                             ;
; Max LUT depth         ; 13.80                       ;
; Average LUT depth     ; 8.39                        ;
+-----------------------+-----------------------------+


+-------------------------------+
; Elapsed Time Per Partition    ;
+----------------+--------------+
; Partition Name ; Elapsed Time ;
+----------------+--------------+
; Top            ; 00:00:09     ;
+----------------+--------------+


+-------------------------------+
; Analysis & Synthesis Messages ;
+-------------------------------+
Info: *******************************************************************
Info: Running Quartus Prime Analysis & Synthesis
    Info: Version 20.1.0 Build 711 06/05/2020 SJ Lite Edition
    Info: Processing started: Mon Dec 07 10:28:18 2020
Info: Command: quartus_map --read_settings_files=on --write_settings_files=off MIPS_A_project -c MIPS_A_project
Info (20030): Parallel compilation is enabled and will use 4 of the 4 processors detected
Info (12021): Found 2 design units, including 1 entities, in source file conversorhex7seg.vhd
    Info (12022): Found design unit 1: conversorHex7Seg-comportamento File: C:/Users/thive/Desktop/Insper/SextoSemestre/DesComp/AulasDesignComputadores/MIPS_A_project/MIPS_A_project_restored/conversorHex7Seg.vhd Line: 17
    Info (12023): Found entity 1: conversorHex7Seg File: C:/Users/thive/Desktop/Insper/SextoSemestre/DesComp/AulasDesignComputadores/MIPS_A_project/MIPS_A_project_restored/conversorHex7Seg.vhd Line: 4
Info (12021): Found 3 design units, including 1 entities, in source file edgedetector.vhd
    Info (12022): Found design unit 1: edgeDetector-bordaSubida File: C:/Users/thive/Desktop/Insper/SextoSemestre/DesComp/AulasDesignComputadores/MIPS_A_project/MIPS_A_project_restored/edgeDetector.vhd Line: 10
    Info (12022): Found design unit 2: edgeDetector-bordaDescida File: C:/Users/thive/Desktop/Insper/SextoSemestre/DesComp/AulasDesignComputadores/MIPS_A_project/MIPS_A_project_restored/edgeDetector.vhd Line: 23
    Info (12023): Found entity 1: edgeDetector File: C:/Users/thive/Desktop/Insper/SextoSemestre/DesComp/AulasDesignComputadores/MIPS_A_project/MIPS_A_project_restored/edgeDetector.vhd Line: 4
Info (12021): Found 2 design units, including 1 entities, in source file ula.vhd
    Info (12022): Found design unit 1: ULA-comportamento File: C:/Users/thive/Desktop/Insper/SextoSemestre/DesComp/AulasDesignComputadores/MIPS_A_project/MIPS_A_project_restored/ULA.vhd Line: 20
    Info (12023): Found entity 1: ULA File: C:/Users/thive/Desktop/Insper/SextoSemestre/DesComp/AulasDesignComputadores/MIPS_A_project/MIPS_A_project_restored/ULA.vhd Line: 6
Info (12021): Found 2 design units, including 1 entities, in source file unidadecontroleula.vhd
    Info (12022): Found design unit 1: unidadeControleULA-arch_name File: C:/Users/thive/Desktop/Insper/SextoSemestre/DesComp/AulasDesignComputadores/MIPS_A_project/MIPS_A_project_restored/unidadeControleULA.vhd Line: 23
    Info (12023): Found entity 1: unidadeControleULA File: C:/Users/thive/Desktop/Insper/SextoSemestre/DesComp/AulasDesignComputadores/MIPS_A_project/MIPS_A_project_restored/unidadeControleULA.vhd Line: 8
Info (12021): Found 2 design units, including 1 entities, in source file unidadecontrolefd.vhd
    Info (12022): Found design unit 1: unidadeControleFD-arch_name File: C:/Users/thive/Desktop/Insper/SextoSemestre/DesComp/AulasDesignComputadores/MIPS_A_project/MIPS_A_project_restored/unidadeControleFD.vhd Line: 19
    Info (12023): Found entity 1: unidadeControleFD File: C:/Users/thive/Desktop/Insper/SextoSemestre/DesComp/AulasDesignComputadores/MIPS_A_project/MIPS_A_project_restored/unidadeControleFD.vhd Line: 6
Info (12021): Found 2 design units, including 1 entities, in source file somadorgenerico.vhd
    Info (12022): Found design unit 1: somadorGenerico-comportamento File: C:/Users/thive/Desktop/Insper/SextoSemestre/DesComp/AulasDesignComputadores/MIPS_A_project/MIPS_A_project_restored/somadorGenerico.vhd Line: 17
    Info (12023): Found entity 1: somadorGenerico File: C:/Users/thive/Desktop/Insper/SextoSemestre/DesComp/AulasDesignComputadores/MIPS_A_project/MIPS_A_project_restored/somadorGenerico.vhd Line: 5
Info (12021): Found 2 design units, including 1 entities, in source file somaconstante.vhd
    Info (12022): Found design unit 1: somaConstante-comportamento File: C:/Users/thive/Desktop/Insper/SextoSemestre/DesComp/AulasDesignComputadores/MIPS_A_project/MIPS_A_project_restored/somaConstante.vhd Line: 19
    Info (12023): Found entity 1: somaConstante File: C:/Users/thive/Desktop/Insper/SextoSemestre/DesComp/AulasDesignComputadores/MIPS_A_project/MIPS_A_project_restored/somaConstante.vhd Line: 6
Info (12021): Found 2 design units, including 1 entities, in source file shftleft.vhd
    Info (12022): Found design unit 1: shftLEFT-arch_name File: C:/Users/thive/Desktop/Insper/SextoSemestre/DesComp/AulasDesignComputadores/MIPS_A_project/MIPS_A_project_restored/shftLEFT.vhd Line: 18
    Info (12023): Found entity 1: shftLEFT File: C:/Users/thive/Desktop/Insper/SextoSemestre/DesComp/AulasDesignComputadores/MIPS_A_project/MIPS_A_project_restored/shftLEFT.vhd Line: 4
Info (12021): Found 2 design units, including 1 entities, in source file rommips.vhd
    Info (12022): Found design unit 1: ROMMIPS-assincrona File: C:/Users/thive/Desktop/Insper/SextoSemestre/DesComp/AulasDesignComputadores/MIPS_A_project/MIPS_A_project_restored/ROMMIPS.vhd Line: 15
    Info (12023): Found entity 1: ROMMIPS File: C:/Users/thive/Desktop/Insper/SextoSemestre/DesComp/AulasDesignComputadores/MIPS_A_project/MIPS_A_project_restored/ROMMIPS.vhd Line: 5
Info (12021): Found 2 design units, including 1 entities, in source file registradorgenerico.vhd
    Info (12022): Found design unit 1: registradorGenerico-comportamento File: C:/Users/thive/Desktop/Insper/SextoSemestre/DesComp/AulasDesignComputadores/MIPS_A_project/MIPS_A_project_restored/RegistradorGenerico.vhd Line: 15
    Info (12023): Found entity 1: registradorGenerico File: C:/Users/thive/Desktop/Insper/SextoSemestre/DesComp/AulasDesignComputadores/MIPS_A_project/MIPS_A_project_restored/RegistradorGenerico.vhd Line: 4
Info (12021): Found 2 design units, including 1 entities, in source file rammips.vhd
    Info (12022): Found design unit 1: RAMMIPS-assincrona File: C:/Users/thive/Desktop/Insper/SextoSemestre/DesComp/AulasDesignComputadores/MIPS_A_project/MIPS_A_project_restored/RAMMIPS.vhd Line: 19
    Info (12023): Found entity 1: RAMMIPS File: C:/Users/thive/Desktop/Insper/SextoSemestre/DesComp/AulasDesignComputadores/MIPS_A_project/MIPS_A_project_restored/RAMMIPS.vhd Line: 5
Info (12021): Found 2 design units, including 1 entities, in source file processador.vhd
    Info (12022): Found design unit 1: processador-arch_name File: C:/Users/thive/Desktop/Insper/SextoSemestre/DesComp/AulasDesignComputadores/MIPS_A_project/MIPS_A_project_restored/processador.vhd Line: 28
    Info (12023): Found entity 1: processador File: C:/Users/thive/Desktop/Insper/SextoSemestre/DesComp/AulasDesignComputadores/MIPS_A_project/MIPS_A_project_restored/processador.vhd Line: 5
Info (12021): Found 2 design units, including 1 entities, in source file muxgenerico4x1.vhd
    Info (12022): Found design unit 1: muxGenerico4x1-comportamento File: C:/Users/thive/Desktop/Insper/SextoSemestre/DesComp/AulasDesignComputadores/MIPS_A_project/MIPS_A_project_restored/muxGenerico4x1.vhd Line: 16
    Info (12023): Found entity 1: muxGenerico4x1 File: C:/Users/thive/Desktop/Insper/SextoSemestre/DesComp/AulasDesignComputadores/MIPS_A_project/MIPS_A_project_restored/muxGenerico4x1.vhd Line: 4
Info (12021): Found 2 design units, including 1 entities, in source file muxgenerico2x1.vhd
    Info (12022): Found design unit 1: muxGenerico2x1-comportamento File: C:/Users/thive/Desktop/Insper/SextoSemestre/DesComp/AulasDesignComputadores/MIPS_A_project/MIPS_A_project_restored/muxGenerico2x1.vhd Line: 14
    Info (12023): Found entity 1: muxGenerico2x1 File: C:/Users/thive/Desktop/Insper/SextoSemestre/DesComp/AulasDesignComputadores/MIPS_A_project/MIPS_A_project_restored/muxGenerico2x1.vhd Line: 4
Info (12021): Found 2 design units, including 1 entities, in source file estendesinalgenerico.vhd
    Info (12022): Found design unit 1: estendeSinalGenerico-comportamento File: C:/Users/thive/Desktop/Insper/SextoSemestre/DesComp/AulasDesignComputadores/MIPS_A_project/MIPS_A_project_restored/estendeSinalGenerico.vhd Line: 20
    Info (12023): Found entity 1: estendeSinalGenerico File: C:/Users/thive/Desktop/Insper/SextoSemestre/DesComp/AulasDesignComputadores/MIPS_A_project/MIPS_A_project_restored/estendeSinalGenerico.vhd Line: 4
Info (12021): Found 1 design units, including 0 entities, in source file constantesmips.vhd
    Info (12022): Found design unit 1: constantesMIPS File: C:/Users/thive/Desktop/Insper/SextoSemestre/DesComp/AulasDesignComputadores/MIPS_A_project/MIPS_A_project_restored/constantesMIPS.vhd Line: 5
Info (12021): Found 2 design units, including 1 entities, in source file bancoregistradores.vhd
    Info (12022): Found design unit 1: bancoRegistradores-comportamento File: C:/Users/thive/Desktop/Insper/SextoSemestre/DesComp/AulasDesignComputadores/MIPS_A_project/MIPS_A_project_restored/bancoRegistradores.vhd Line: 30
    Info (12023): Found entity 1: bancoRegistradores File: C:/Users/thive/Desktop/Insper/SextoSemestre/DesComp/AulasDesignComputadores/MIPS_A_project/MIPS_A_project_restored/bancoRegistradores.vhd Line: 7
Info (12021): Found 2 design units, including 1 entities, in source file mips_a_project.vhd
    Info (12022): Found design unit 1: MIPS_A_project-arch_name File: C:/Users/thive/Desktop/Insper/SextoSemestre/DesComp/AulasDesignComputadores/MIPS_A_project/MIPS_A_project_restored/MIPS_A_project.vhd Line: 30
    Info (12023): Found entity 1: MIPS_A_project File: C:/Users/thive/Desktop/Insper/SextoSemestre/DesComp/AulasDesignComputadores/MIPS_A_project/MIPS_A_project_restored/MIPS_A_project.vhd Line: 5
Info (12127): Elaborating entity "MIPS_A_project" for the top level hierarchy
Info (12128): Elaborating entity "processador" for hierarchy "processador:processador" File: C:/Users/thive/Desktop/Insper/SextoSemestre/DesComp/AulasDesignComputadores/MIPS_A_project/MIPS_A_project_restored/MIPS_A_project.vhd Line: 50
Info (12128): Elaborating entity "shftLEFT" for hierarchy "processador:processador|shftLEFT:LEFT_sinal_externo" File: C:/Users/thive/Desktop/Insper/SextoSemestre/DesComp/AulasDesignComputadores/MIPS_A_project/MIPS_A_project_restored/processador.vhd Line: 103
Info (12128): Elaborating entity "somadorGenerico" for hierarchy "processador:processador|somadorGenerico:somador_somador" File: C:/Users/thive/Desktop/Insper/SextoSemestre/DesComp/AulasDesignComputadores/MIPS_A_project/MIPS_A_project_restored/processador.vhd Line: 110
Info (12128): Elaborating entity "muxGenerico2x1" for hierarchy "processador:processador|muxGenerico2x1:MUX_somador" File: C:/Users/thive/Desktop/Insper/SextoSemestre/DesComp/AulasDesignComputadores/MIPS_A_project/MIPS_A_project_restored/processador.vhd Line: 120
Info (12128): Elaborating entity "muxGenerico4x1" for hierarchy "processador:processador|muxGenerico4x1:MUX_jump" File: C:/Users/thive/Desktop/Insper/SextoSemestre/DesComp/AulasDesignComputadores/MIPS_A_project/MIPS_A_project_restored/processador.vhd Line: 131
Info (12128): Elaborating entity "registradorGenerico" for hierarchy "processador:processador|registradorGenerico:PC" File: C:/Users/thive/Desktop/Insper/SextoSemestre/DesComp/AulasDesignComputadores/MIPS_A_project/MIPS_A_project_restored/processador.vhd Line: 142
Info (12128): Elaborating entity "somaConstante" for hierarchy "processador:processador|somaConstante:somadorPC" File: C:/Users/thive/Desktop/Insper/SextoSemestre/DesComp/AulasDesignComputadores/MIPS_A_project/MIPS_A_project_restored/processador.vhd Line: 152
Info (12128): Elaborating entity "ROMMIPS" for hierarchy "processador:processador|ROMMIPS:ROM_mips" File: C:/Users/thive/Desktop/Insper/SextoSemestre/DesComp/AulasDesignComputadores/MIPS_A_project/MIPS_A_project_restored/processador.vhd Line: 159
Warning (10541): VHDL Signal Declaration warning at ROMMIPS.vhd(18): used implicit default value for signal "memROM" because signal was never assigned a value or an explicit default value. Use of implicit default value may introduce unintended design optimizations. File: C:/Users/thive/Desktop/Insper/SextoSemestre/DesComp/AulasDesignComputadores/MIPS_A_project/MIPS_A_project_restored/ROMMIPS.vhd Line: 18
Info (12128): Elaborating entity "muxGenerico4x1" for hierarchy "processador:processador|muxGenerico4x1:MUX0" File: C:/Users/thive/Desktop/Insper/SextoSemestre/DesComp/AulasDesignComputadores/MIPS_A_project/MIPS_A_project_restored/processador.vhd Line: 166
Info (12128): Elaborating entity "unidadeControleFD" for hierarchy "processador:processador|unidadeControleFD:UC" File: C:/Users/thive/Desktop/Insper/SextoSemestre/DesComp/AulasDesignComputadores/MIPS_A_project/MIPS_A_project_restored/processador.vhd Line: 177
Info (12128): Elaborating entity "bancoRegistradores" for hierarchy "processador:processador|bancoRegistradores:bancoRegistrador" File: C:/Users/thive/Desktop/Insper/SextoSemestre/DesComp/AulasDesignComputadores/MIPS_A_project/MIPS_A_project_restored/processador.vhd Line: 196
Info (12128): Elaborating entity "unidadeControleULA" for hierarchy "processador:processador|unidadeControleULA:UC_ULA" File: C:/Users/thive/Desktop/Insper/SextoSemestre/DesComp/AulasDesignComputadores/MIPS_A_project/MIPS_A_project_restored/processador.vhd Line: 222
Info (12128): Elaborating entity "ULA" for hierarchy "processador:processador|ULA:ULA" File: C:/Users/thive/Desktop/Insper/SextoSemestre/DesComp/AulasDesignComputadores/MIPS_A_project/MIPS_A_project_restored/processador.vhd Line: 230
Info (12128): Elaborating entity "estendeSinalGenerico" for hierarchy "processador:processador|estendeSinalGenerico:extensor" File: C:/Users/thive/Desktop/Insper/SextoSemestre/DesComp/AulasDesignComputadores/MIPS_A_project/MIPS_A_project_restored/processador.vhd Line: 260
Info (12128): Elaborating entity "RAMMIPS" for hierarchy "RAMMIPS:RAM_mips" File: C:/Users/thive/Desktop/Insper/SextoSemestre/DesComp/AulasDesignComputadores/MIPS_A_project/MIPS_A_project_restored/MIPS_A_project.vhd Line: 64
Info (12128): Elaborating entity "edgeDetector" for hierarchy "edgeDetector:edge" File: C:/Users/thive/Desktop/Insper/SextoSemestre/DesComp/AulasDesignComputadores/MIPS_A_project/MIPS_A_project_restored/MIPS_A_project.vhd Line: 80
Info (12128): Elaborating entity "conversorHex7Seg" for hierarchy "conversorHex7Seg:display0" File: C:/Users/thive/Desktop/Insper/SextoSemestre/DesComp/AulasDesignComputadores/MIPS_A_project/MIPS_A_project_restored/MIPS_A_project.vhd Line: 88
Info (276014): Found 3 instances of uninferred RAM logic
    Info (276007): RAM logic "RAMMIPS:RAM_mips|memRAM" is uninferred due to asynchronous read logic File: C:/Users/thive/Desktop/Insper/SextoSemestre/DesComp/AulasDesignComputadores/MIPS_A_project/MIPS_A_project_restored/RAMMIPS.vhd Line: 22
    Info (276007): RAM logic "processador:processador|bancoRegistradores:bancoRegistrador|registrador" is uninferred due to asynchronous read logic File: C:/Users/thive/Desktop/Insper/SextoSemestre/DesComp/AulasDesignComputadores/MIPS_A_project/MIPS_A_project_restored/bancoRegistradores.vhd Line: 59
    Info (276004): RAM logic "processador:processador|ROMMIPS:ROM_mips|memROM" is uninferred due to inappropriate RAM size File: C:/Users/thive/Desktop/Insper/SextoSemestre/DesComp/AulasDesignComputadores/MIPS_A_project/MIPS_A_project_restored/ROMMIPS.vhd Line: 18
Info (286030): Timing-Driven Synthesis is running
Info (16010): Generating hard_block partition "hard_block:auto_generated_inst"
    Info (16011): Adding 0 node(s), including 0 DDIO, 0 PLL, 0 transceiver and 0 LCELL
Warning (21074): Design contains 1 input pin(s) that do not drive logic
    Warning (15610): No output dependent on input pin "KEY[1]" File: C:/Users/thive/Desktop/Insper/SextoSemestre/DesComp/AulasDesignComputadores/MIPS_A_project/MIPS_A_project_restored/MIPS_A_project.vhd Line: 14
Info (21057): Implemented 4869 device resources after synthesis - the final resource count might be different
    Info (21058): Implemented 6 input pins
    Info (21059): Implemented 42 output pins
    Info (21061): Implemented 4821 logic cells
Info: Quartus Prime Analysis & Synthesis was successful. 0 errors, 3 warnings
    Info: Peak virtual memory: 4857 megabytes
    Info: Processing ended: Mon Dec 07 10:28:40 2020
    Info: Elapsed time: 00:00:22
    Info: Total CPU time (on all processors): 00:00:39


