Analysis & Elaboration report for Aula_14
Thu Oct 29 12:38:55 2020
Quartus Prime Version 17.1.0 Build 590 10/25/2017 SJ Lite Edition


---------------------
; Table of Contents ;
---------------------
  1. Legal Notice
  2. Analysis & Elaboration Summary
  3. Parallel Compilation
  4. Parameter Settings for User Entity Instance: Top-level Entity: |Aula_14
  5. Parameter Settings for User Entity Instance: processador:processador
  6. Parameter Settings for User Entity Instance: processador:processador|shftLEFT:LEFT_sinal_externo
  7. Parameter Settings for User Entity Instance: processador:processador|somadorGenerico:somador_somador
  8. Parameter Settings for User Entity Instance: processador:processador|muxGenerico2x1:MUX_somador
  9. Parameter Settings for User Entity Instance: processador:processador|registradorGenerico:PC
 10. Parameter Settings for User Entity Instance: processador:processador|somaConstante:somadorPC
 11. Parameter Settings for User Entity Instance: processador:processador|ROMMIPS:ROM_mips
 12. Parameter Settings for User Entity Instance: processador:processador|muxGenerico2x1:MUX0
 13. Parameter Settings for User Entity Instance: processador:processador|bancoRegistradores:bancoRegistrador
 14. Parameter Settings for User Entity Instance: processador:processador|muxGenerico2x1:MUX1
 15. Parameter Settings for User Entity Instance: processador:processador|ULA:ULA
 16. Parameter Settings for User Entity Instance: processador:processador|muxGenerico2x1:MUX2
 17. Parameter Settings for User Entity Instance: processador:processador|estendeSinalGenerico:extensor
 18. Parameter Settings for User Entity Instance: RAMMIPS:RAM_mips
 19. Analysis & Elaboration Settings
 20. Port Connectivity Checks: "processador:processador|registradorGenerico:PC"
 21. Analysis & Elaboration Messages



----------------
; Legal Notice ;
----------------
Copyright (C) 2017  Intel Corporation. All rights reserved.
Your use of Intel Corporation's design tools, logic functions 
and other software and tools, and its AMPP partner logic 
functions, and any output files from any of the foregoing 
(including device programming or simulation files), and any 
associated documentation or information are expressly subject 
to the terms and conditions of the Intel Program License 
Subscription Agreement, the Intel Quartus Prime License Agreement,
the Intel FPGA IP License Agreement, or other applicable license
agreement, including, without limitation, that your use is for
the sole purpose of programming logic devices manufactured by
Intel and sold by Intel or its authorized distributors.  Please
refer to the applicable agreement for further details.



+-----------------------------------------------------------------------------+
; Analysis & Elaboration Summary                                              ;
+-------------------------------+---------------------------------------------+
; Analysis & Elaboration Status ; Successful - Thu Oct 29 12:38:55 2020       ;
; Quartus Prime Version         ; 17.1.0 Build 590 10/25/2017 SJ Lite Edition ;
; Revision Name                 ; Aula_14                                     ;
; Top-level Entity Name         ; Aula_14                                     ;
; Family                        ; Cyclone V                                   ;
; Logic utilization (in ALMs)   ; N/A until Partition Merge                   ;
; Total registers               ; N/A until Partition Merge                   ;
; Total pins                    ; N/A until Partition Merge                   ;
; Total virtual pins            ; N/A until Partition Merge                   ;
; Total block memory bits       ; N/A until Partition Merge                   ;
; Total PLLs                    ; N/A until Partition Merge                   ;
; Total DLLs                    ; N/A until Partition Merge                   ;
+-------------------------------+---------------------------------------------+


+------------------------------------------+
; Parallel Compilation                     ;
+----------------------------+-------------+
; Processors                 ; Number      ;
+----------------------------+-------------+
; Number detected on machine ; 8           ;
; Maximum allowed            ; 4           ;
;                            ;             ;
; Average used               ; 1.00        ;
; Maximum used               ; 1           ;
;                            ;             ;
; Usage by Processor         ; % Time Used ;
;     Processor 1            ; 100.0%      ;
+----------------------------+-------------+


+-------------------------------------------------------------------------+
; Parameter Settings for User Entity Instance: Top-level Entity: |Aula_14 ;
+----------------+-------+------------------------------------------------+
; Parameter Name ; Value ; Type                                           ;
+----------------+-------+------------------------------------------------+
; DATA_WIDTH     ; 32    ; Signed Integer                                 ;
; ADDR_WIDTH     ; 32    ; Signed Integer                                 ;
+----------------+-------+------------------------------------------------+
Note: In order to hide this table in the UI and the text report file, please set the "Show Parameter Settings in Synthesis Report" option in "Analysis and Synthesis Settings -> More Settings" to "Off".


+----------------------------------------------------------------------+
; Parameter Settings for User Entity Instance: processador:processador ;
+----------------+-------+---------------------------------------------+
; Parameter Name ; Value ; Type                                        ;
+----------------+-------+---------------------------------------------+
; data_width     ; 32    ; Signed Integer                              ;
; addr_width     ; 32    ; Signed Integer                              ;
+----------------+-------+---------------------------------------------+
Note: In order to hide this table in the UI and the text report file, please set the "Show Parameter Settings in Synthesis Report" option in "Analysis and Synthesis Settings -> More Settings" to "Off".


+--------------------------------------------------------------------------------------------------+
; Parameter Settings for User Entity Instance: processador:processador|shftLEFT:LEFT_sinal_externo ;
+----------------+-------+-------------------------------------------------------------------------+
; Parameter Name ; Value ; Type                                                                    ;
+----------------+-------+-------------------------------------------------------------------------+
; data_width     ; 32    ; Signed Integer                                                          ;
+----------------+-------+-------------------------------------------------------------------------+
Note: In order to hide this table in the UI and the text report file, please set the "Show Parameter Settings in Synthesis Report" option in "Analysis and Synthesis Settings -> More Settings" to "Off".


+------------------------------------------------------------------------------------------------------+
; Parameter Settings for User Entity Instance: processador:processador|somadorGenerico:somador_somador ;
+----------------+-------+-----------------------------------------------------------------------------+
; Parameter Name ; Value ; Type                                                                        ;
+----------------+-------+-----------------------------------------------------------------------------+
; larguradados   ; 32    ; Signed Integer                                                              ;
+----------------+-------+-----------------------------------------------------------------------------+
Note: In order to hide this table in the UI and the text report file, please set the "Show Parameter Settings in Synthesis Report" option in "Analysis and Synthesis Settings -> More Settings" to "Off".


+-------------------------------------------------------------------------------------------------+
; Parameter Settings for User Entity Instance: processador:processador|muxGenerico2x1:MUX_somador ;
+----------------+-------+------------------------------------------------------------------------+
; Parameter Name ; Value ; Type                                                                   ;
+----------------+-------+------------------------------------------------------------------------+
; larguradados   ; 32    ; Signed Integer                                                         ;
+----------------+-------+------------------------------------------------------------------------+
Note: In order to hide this table in the UI and the text report file, please set the "Show Parameter Settings in Synthesis Report" option in "Analysis and Synthesis Settings -> More Settings" to "Off".


+---------------------------------------------------------------------------------------------+
; Parameter Settings for User Entity Instance: processador:processador|registradorGenerico:PC ;
+----------------+-------+--------------------------------------------------------------------+
; Parameter Name ; Value ; Type                                                               ;
+----------------+-------+--------------------------------------------------------------------+
; larguradados   ; 32    ; Signed Integer                                                     ;
+----------------+-------+--------------------------------------------------------------------+
Note: In order to hide this table in the UI and the text report file, please set the "Show Parameter Settings in Synthesis Report" option in "Analysis and Synthesis Settings -> More Settings" to "Off".


+----------------------------------------------------------------------------------------------+
; Parameter Settings for User Entity Instance: processador:processador|somaConstante:somadorPC ;
+----------------+-------+---------------------------------------------------------------------+
; Parameter Name ; Value ; Type                                                                ;
+----------------+-------+---------------------------------------------------------------------+
; larguradados   ; 32    ; Signed Integer                                                      ;
; constante      ; 4     ; Signed Integer                                                      ;
+----------------+-------+---------------------------------------------------------------------+
Note: In order to hide this table in the UI and the text report file, please set the "Show Parameter Settings in Synthesis Report" option in "Analysis and Synthesis Settings -> More Settings" to "Off".


+---------------------------------------------------------------------------------------+
; Parameter Settings for User Entity Instance: processador:processador|ROMMIPS:ROM_mips ;
+-----------------+-------+-------------------------------------------------------------+
; Parameter Name  ; Value ; Type                                                        ;
+-----------------+-------+-------------------------------------------------------------+
; datawidth       ; 32    ; Signed Integer                                              ;
; addrwidth       ; 32    ; Signed Integer                                              ;
; memoryaddrwidth ; 6     ; Signed Integer                                              ;
+-----------------+-------+-------------------------------------------------------------+
Note: In order to hide this table in the UI and the text report file, please set the "Show Parameter Settings in Synthesis Report" option in "Analysis and Synthesis Settings -> More Settings" to "Off".


+------------------------------------------------------------------------------------------+
; Parameter Settings for User Entity Instance: processador:processador|muxGenerico2x1:MUX0 ;
+----------------+-------+-----------------------------------------------------------------+
; Parameter Name ; Value ; Type                                                            ;
+----------------+-------+-----------------------------------------------------------------+
; larguradados   ; 5     ; Signed Integer                                                  ;
+----------------+-------+-----------------------------------------------------------------+
Note: In order to hide this table in the UI and the text report file, please set the "Show Parameter Settings in Synthesis Report" option in "Analysis and Synthesis Settings -> More Settings" to "Off".


+----------------------------------------------------------------------------------------------------------+
; Parameter Settings for User Entity Instance: processador:processador|bancoRegistradores:bancoRegistrador ;
+---------------------+-------+----------------------------------------------------------------------------+
; Parameter Name      ; Value ; Type                                                                       ;
+---------------------+-------+----------------------------------------------------------------------------+
; larguradados        ; 32    ; Signed Integer                                                             ;
; larguraendbancoregs ; 5     ; Signed Integer                                                             ;
+---------------------+-------+----------------------------------------------------------------------------+
Note: In order to hide this table in the UI and the text report file, please set the "Show Parameter Settings in Synthesis Report" option in "Analysis and Synthesis Settings -> More Settings" to "Off".


+------------------------------------------------------------------------------------------+
; Parameter Settings for User Entity Instance: processador:processador|muxGenerico2x1:MUX1 ;
+----------------+-------+-----------------------------------------------------------------+
; Parameter Name ; Value ; Type                                                            ;
+----------------+-------+-----------------------------------------------------------------+
; larguradados   ; 32    ; Signed Integer                                                  ;
+----------------+-------+-----------------------------------------------------------------+
Note: In order to hide this table in the UI and the text report file, please set the "Show Parameter Settings in Synthesis Report" option in "Analysis and Synthesis Settings -> More Settings" to "Off".


+------------------------------------------------------------------------------+
; Parameter Settings for User Entity Instance: processador:processador|ULA:ULA ;
+----------------+-------+-----------------------------------------------------+
; Parameter Name ; Value ; Type                                                ;
+----------------+-------+-----------------------------------------------------+
; larguradados   ; 32    ; Signed Integer                                      ;
+----------------+-------+-----------------------------------------------------+
Note: In order to hide this table in the UI and the text report file, please set the "Show Parameter Settings in Synthesis Report" option in "Analysis and Synthesis Settings -> More Settings" to "Off".


+------------------------------------------------------------------------------------------+
; Parameter Settings for User Entity Instance: processador:processador|muxGenerico2x1:MUX2 ;
+----------------+-------+-----------------------------------------------------------------+
; Parameter Name ; Value ; Type                                                            ;
+----------------+-------+-----------------------------------------------------------------+
; larguradados   ; 32    ; Signed Integer                                                  ;
+----------------+-------+-----------------------------------------------------------------+
Note: In order to hide this table in the UI and the text report file, please set the "Show Parameter Settings in Synthesis Report" option in "Analysis and Synthesis Settings -> More Settings" to "Off".


+----------------------------------------------------------------------------------------------------+
; Parameter Settings for User Entity Instance: processador:processador|estendeSinalGenerico:extensor ;
+--------------------+-------+-----------------------------------------------------------------------+
; Parameter Name     ; Value ; Type                                                                  ;
+--------------------+-------+-----------------------------------------------------------------------+
; larguradadoentrada ; 16    ; Signed Integer                                                        ;
; larguradadosaida   ; 32    ; Signed Integer                                                        ;
+--------------------+-------+-----------------------------------------------------------------------+
Note: In order to hide this table in the UI and the text report file, please set the "Show Parameter Settings in Synthesis Report" option in "Analysis and Synthesis Settings -> More Settings" to "Off".


+---------------------------------------------------------------+
; Parameter Settings for User Entity Instance: RAMMIPS:RAM_mips ;
+-----------------+-------+-------------------------------------+
; Parameter Name  ; Value ; Type                                ;
+-----------------+-------+-------------------------------------+
; datawidth       ; 32    ; Signed Integer                      ;
; addrwidth       ; 32    ; Signed Integer                      ;
; memoryaddrwidth ; 6     ; Signed Integer                      ;
+-----------------+-------+-------------------------------------+
Note: In order to hide this table in the UI and the text report file, please set the "Show Parameter Settings in Synthesis Report" option in "Analysis and Synthesis Settings -> More Settings" to "Off".


+---------------------------------------------------------------------------------------------------------------------------+
; Analysis & Elaboration Settings                                                                                           ;
+---------------------------------------------------------------------------------+--------------------+--------------------+
; Option                                                                          ; Setting            ; Default Value      ;
+---------------------------------------------------------------------------------+--------------------+--------------------+
; Device                                                                          ; 5CEBA4F23C7        ;                    ;
; Top-level entity name                                                           ; Aula_14            ; Aula_14            ;
; Family name                                                                     ; Cyclone V          ; Cyclone V          ;
; VHDL Show LMF Mapping Messages                                                  ; Off                ;                    ;
; VHDL Version                                                                    ; VHDL_2008          ; VHDL_1993          ;
; Use smart compilation                                                           ; Off                ; Off                ;
; Enable parallel Assembler and TimeQuest Timing Analyzer during compilation      ; On                 ; On                 ;
; Enable compact report table                                                     ; Off                ; Off                ;
; Restructure Multiplexers                                                        ; Auto               ; Auto               ;
; MLAB Add Timing Constraints For Mixed-Port Feed-Through Mode Setting Don't Care ; Off                ; Off                ;
; Create Debugging Nodes for IP Cores                                             ; Off                ; Off                ;
; Preserve fewer node names                                                       ; On                 ; On                 ;
; Intel FPGA IP Evaluation Mode                                                   ; Enable             ; Enable             ;
; Verilog Version                                                                 ; Verilog_2001       ; Verilog_2001       ;
; State Machine Processing                                                        ; Auto               ; Auto               ;
; Safe State Machine                                                              ; Off                ; Off                ;
; Extract Verilog State Machines                                                  ; On                 ; On                 ;
; Extract VHDL State Machines                                                     ; On                 ; On                 ;
; Ignore Verilog initial constructs                                               ; Off                ; Off                ;
; Iteration limit for constant Verilog loops                                      ; 5000               ; 5000               ;
; Iteration limit for non-constant Verilog loops                                  ; 250                ; 250                ;
; Add Pass-Through Logic to Inferred RAMs                                         ; On                 ; On                 ;
; Infer RAMs from Raw Logic                                                       ; On                 ; On                 ;
; Parallel Synthesis                                                              ; On                 ; On                 ;
; DSP Block Balancing                                                             ; Auto               ; Auto               ;
; NOT Gate Push-Back                                                              ; On                 ; On                 ;
; Power-Up Don't Care                                                             ; On                 ; On                 ;
; Remove Redundant Logic Cells                                                    ; Off                ; Off                ;
; Remove Duplicate Registers                                                      ; On                 ; On                 ;
; Ignore CARRY Buffers                                                            ; Off                ; Off                ;
; Ignore CASCADE Buffers                                                          ; Off                ; Off                ;
; Ignore GLOBAL Buffers                                                           ; Off                ; Off                ;
; Ignore ROW GLOBAL Buffers                                                       ; Off                ; Off                ;
; Ignore LCELL Buffers                                                            ; Off                ; Off                ;
; Ignore SOFT Buffers                                                             ; On                 ; On                 ;
; Limit AHDL Integers to 32 Bits                                                  ; Off                ; Off                ;
; Optimization Technique                                                          ; Balanced           ; Balanced           ;
; Carry Chain Length                                                              ; 70                 ; 70                 ;
; Auto Carry Chains                                                               ; On                 ; On                 ;
; Auto Open-Drain Pins                                                            ; On                 ; On                 ;
; Perform WYSIWYG Primitive Resynthesis                                           ; Off                ; Off                ;
; Auto ROM Replacement                                                            ; On                 ; On                 ;
; Auto RAM Replacement                                                            ; On                 ; On                 ;
; Auto DSP Block Replacement                                                      ; On                 ; On                 ;
; Auto Shift Register Replacement                                                 ; Auto               ; Auto               ;
; Allow Shift Register Merging across Hierarchies                                 ; Auto               ; Auto               ;
; Auto Clock Enable Replacement                                                   ; On                 ; On                 ;
; Strict RAM Replacement                                                          ; Off                ; Off                ;
; Allow Synchronous Control Signals                                               ; On                 ; On                 ;
; Force Use of Synchronous Clear Signals                                          ; Off                ; Off                ;
; Auto Resource Sharing                                                           ; Off                ; Off                ;
; Allow Any RAM Size For Recognition                                              ; Off                ; Off                ;
; Allow Any ROM Size For Recognition                                              ; Off                ; Off                ;
; Allow Any Shift Register Size For Recognition                                   ; Off                ; Off                ;
; Use LogicLock Constraints during Resource Balancing                             ; On                 ; On                 ;
; Ignore translate_off and synthesis_off directives                               ; Off                ; Off                ;
; Timing-Driven Synthesis                                                         ; On                 ; On                 ;
; Report Parameter Settings                                                       ; On                 ; On                 ;
; Report Source Assignments                                                       ; On                 ; On                 ;
; Report Connectivity Checks                                                      ; On                 ; On                 ;
; Ignore Maximum Fan-Out Assignments                                              ; Off                ; Off                ;
; Synchronization Register Chain Length                                           ; 3                  ; 3                  ;
; Power Optimization During Synthesis                                             ; Normal compilation ; Normal compilation ;
; HDL message level                                                               ; Level2             ; Level2             ;
; Suppress Register Optimization Related Messages                                 ; Off                ; Off                ;
; Number of Removed Registers Reported in Synthesis Report                        ; 5000               ; 5000               ;
; Number of Swept Nodes Reported in Synthesis Report                              ; 5000               ; 5000               ;
; Number of Inverted Registers Reported in Synthesis Report                       ; 100                ; 100                ;
; Clock MUX Protection                                                            ; On                 ; On                 ;
; Auto Gated Clock Conversion                                                     ; Off                ; Off                ;
; Block Design Naming                                                             ; Auto               ; Auto               ;
; SDC constraint protection                                                       ; Off                ; Off                ;
; Synthesis Effort                                                                ; Auto               ; Auto               ;
; Shift Register Replacement - Allow Asynchronous Clear Signal                    ; On                 ; On                 ;
; Pre-Mapping Resynthesis Optimization                                            ; Off                ; Off                ;
; Analysis & Synthesis Message Level                                              ; Medium             ; Medium             ;
; Disable Register Merging Across Hierarchies                                     ; Auto               ; Auto               ;
; Resource Aware Inference For Block RAM                                          ; On                 ; On                 ;
; Automatic Parallel Synthesis                                                    ; On                 ; On                 ;
; Partial Reconfiguration Bitstream ID                                            ; Off                ; Off                ;
+---------------------------------------------------------------------------------+--------------------+--------------------+


+----------------------------------------------------------------------------+
; Port Connectivity Checks: "processador:processador|registradorGenerico:PC" ;
+--------+-------+----------+------------------------------------------------+
; Port   ; Type  ; Severity ; Details                                        ;
+--------+-------+----------+------------------------------------------------+
; enable ; Input ; Info     ; Stuck at VCC                                   ;
; rst    ; Input ; Info     ; Stuck at GND                                   ;
+--------+-------+----------+------------------------------------------------+


+---------------------------------+
; Analysis & Elaboration Messages ;
+---------------------------------+
Info: *******************************************************************
Info: Running Quartus Prime Analysis & Elaboration
    Info: Version 17.1.0 Build 590 10/25/2017 SJ Lite Edition
    Info: Processing started: Thu Oct 29 12:38:38 2020
Info: Command: quartus_map --read_settings_files=on --write_settings_files=off Aula_14 -c Aula_14 --analysis_and_elaboration
Warning (18236): Number of processors has not been specified which may cause overloading on shared machines.  Set the global assignment NUM_PARALLEL_PROCESSORS in your QSF to an appropriate value for best performance.
Info (20030): Parallel compilation is enabled and will use 4 of the 4 processors detected
Info (12021): Found 2 design units, including 1 entities, in source file aula_14.vhd
    Info (12022): Found design unit 1: Aula_14-arch_name File: C:/intelFPGA_lite/17.1/AulasDesignComputadores/Aula_14/Aula_14.vhd Line: 19
    Info (12023): Found entity 1: Aula_14 File: C:/intelFPGA_lite/17.1/AulasDesignComputadores/Aula_14/Aula_14.vhd Line: 5
Info (12021): Found 2 design units, including 1 entities, in source file registradorgenerico.vhd
    Info (12022): Found design unit 1: registradorGenerico-comportamento File: C:/intelFPGA_lite/17.1/AulasDesignComputadores/Aula_14/registradorGenerico.vhd Line: 15
    Info (12023): Found entity 1: registradorGenerico File: C:/intelFPGA_lite/17.1/AulasDesignComputadores/Aula_14/registradorGenerico.vhd Line: 4
Info (12021): Found 2 design units, including 1 entities, in source file somaconstante.vhd
    Info (12022): Found design unit 1: somaConstante-comportamento File: C:/intelFPGA_lite/17.1/AulasDesignComputadores/Aula_14/somaConstante.vhd Line: 19
    Info (12023): Found entity 1: somaConstante File: C:/intelFPGA_lite/17.1/AulasDesignComputadores/Aula_14/somaConstante.vhd Line: 6
Info (12021): Found 2 design units, including 1 entities, in source file rommips.vhd
    Info (12022): Found design unit 1: ROMMIPS-assincrona File: C:/intelFPGA_lite/17.1/AulasDesignComputadores/Aula_14/ROMMIPS.vhd Line: 15
    Info (12023): Found entity 1: ROMMIPS File: C:/intelFPGA_lite/17.1/AulasDesignComputadores/Aula_14/ROMMIPS.vhd Line: 5
Info (12021): Found 2 design units, including 1 entities, in source file unidadecontrole.vhd
    Info (12022): Found design unit 1: UnidadeControle-arch_name File: C:/intelFPGA_lite/17.1/AulasDesignComputadores/Aula_14/UnidadeControle.vhd Line: 17
    Info (12023): Found entity 1: UnidadeControle File: C:/intelFPGA_lite/17.1/AulasDesignComputadores/Aula_14/UnidadeControle.vhd Line: 6
Info (12021): Found 2 design units, including 1 entities, in source file bancoregistradores.vhd
    Info (12022): Found design unit 1: bancoRegistradores-comportamento File: C:/intelFPGA_lite/17.1/AulasDesignComputadores/Aula_14/bancoRegistradores.vhd Line: 30
    Info (12023): Found entity 1: bancoRegistradores File: C:/intelFPGA_lite/17.1/AulasDesignComputadores/Aula_14/bancoRegistradores.vhd Line: 7
Info (12021): Found 2 design units, including 1 entities, in source file ula.vhd
    Info (12022): Found design unit 1: ULA-comportamento File: C:/intelFPGA_lite/17.1/AulasDesignComputadores/Aula_14/ULA.vhd Line: 19
    Info (12023): Found entity 1: ULA File: C:/intelFPGA_lite/17.1/AulasDesignComputadores/Aula_14/ULA.vhd Line: 5
Info (12021): Found 2 design units, including 1 entities, in source file rammips.vhd
    Info (12022): Found design unit 1: RAMMIPS-assincrona File: C:/intelFPGA_lite/17.1/AulasDesignComputadores/Aula_14/RAMMIPS.vhd Line: 19
    Info (12023): Found entity 1: RAMMIPS File: C:/intelFPGA_lite/17.1/AulasDesignComputadores/Aula_14/RAMMIPS.vhd Line: 5
Info (12021): Found 2 design units, including 1 entities, in source file processador.vhd
    Info (12022): Found design unit 1: processador-arch_name File: C:/intelFPGA_lite/17.1/AulasDesignComputadores/Aula_14/processador.vhd Line: 25
    Info (12023): Found entity 1: processador File: C:/intelFPGA_lite/17.1/AulasDesignComputadores/Aula_14/processador.vhd Line: 5
Info (12021): Found 2 design units, including 1 entities, in source file estendesinalgenerico.vhd
    Info (12022): Found design unit 1: estendeSinalGenerico-comportamento File: C:/intelFPGA_lite/17.1/AulasDesignComputadores/Aula_14/estendeSinalGenerico.vhd Line: 19
    Info (12023): Found entity 1: estendeSinalGenerico File: C:/intelFPGA_lite/17.1/AulasDesignComputadores/Aula_14/estendeSinalGenerico.vhd Line: 4
Info (12021): Found 1 design units, including 0 entities, in source file constantesmips.vhd
    Info (12022): Found design unit 1: constantesMIPS File: C:/intelFPGA_lite/17.1/AulasDesignComputadores/Aula_14/constantesMIPS.vhd Line: 5
Info (12021): Found 2 design units, including 1 entities, in source file muxgenerico2x1.vhd
    Info (12022): Found design unit 1: muxGenerico2x1-comportamento File: C:/intelFPGA_lite/17.1/AulasDesignComputadores/Aula_14/muxGenerico2x1.vhd Line: 14
    Info (12023): Found entity 1: muxGenerico2x1 File: C:/intelFPGA_lite/17.1/AulasDesignComputadores/Aula_14/muxGenerico2x1.vhd Line: 4
Info (12021): Found 2 design units, including 1 entities, in source file shftleft.vhd
    Info (12022): Found design unit 1: shftLEFT-arch_name File: C:/intelFPGA_lite/17.1/AulasDesignComputadores/Aula_14/shftLEFT.vhd Line: 18
    Info (12023): Found entity 1: shftLEFT File: C:/intelFPGA_lite/17.1/AulasDesignComputadores/Aula_14/shftLEFT.vhd Line: 4
Info (12021): Found 2 design units, including 1 entities, in source file somadorgenerico.vhd
    Info (12022): Found design unit 1: somadorGenerico-comportamento File: C:/intelFPGA_lite/17.1/AulasDesignComputadores/Aula_14/somadorGenerico.vhd Line: 17
    Info (12023): Found entity 1: somadorGenerico File: C:/intelFPGA_lite/17.1/AulasDesignComputadores/Aula_14/somadorGenerico.vhd Line: 5
Info (12127): Elaborating entity "Aula_14" for the top level hierarchy
Info (12128): Elaborating entity "processador" for hierarchy "processador:processador" File: C:/intelFPGA_lite/17.1/AulasDesignComputadores/Aula_14/Aula_14.vhd Line: 32
Info (12128): Elaborating entity "shftLEFT" for hierarchy "processador:processador|shftLEFT:LEFT_sinal_externo" File: C:/intelFPGA_lite/17.1/AulasDesignComputadores/Aula_14/processador.vhd Line: 88
Info (12128): Elaborating entity "somadorGenerico" for hierarchy "processador:processador|somadorGenerico:somador_somador" File: C:/intelFPGA_lite/17.1/AulasDesignComputadores/Aula_14/processador.vhd Line: 95
Info (12128): Elaborating entity "muxGenerico2x1" for hierarchy "processador:processador|muxGenerico2x1:MUX_somador" File: C:/intelFPGA_lite/17.1/AulasDesignComputadores/Aula_14/processador.vhd Line: 103
Info (12128): Elaborating entity "registradorGenerico" for hierarchy "processador:processador|registradorGenerico:PC" File: C:/intelFPGA_lite/17.1/AulasDesignComputadores/Aula_14/processador.vhd Line: 114
Info (12128): Elaborating entity "somaConstante" for hierarchy "processador:processador|somaConstante:somadorPC" File: C:/intelFPGA_lite/17.1/AulasDesignComputadores/Aula_14/processador.vhd Line: 124
Info (12128): Elaborating entity "ROMMIPS" for hierarchy "processador:processador|ROMMIPS:ROM_mips" File: C:/intelFPGA_lite/17.1/AulasDesignComputadores/Aula_14/processador.vhd Line: 131
Warning (10541): VHDL Signal Declaration warning at ROMMIPS.vhd(18): used implicit default value for signal "memROM" because signal was never assigned a value or an explicit default value. Use of implicit default value may introduce unintended design optimizations. File: C:/intelFPGA_lite/17.1/AulasDesignComputadores/Aula_14/ROMMIPS.vhd Line: 18
Info (12128): Elaborating entity "muxGenerico2x1" for hierarchy "processador:processador|muxGenerico2x1:MUX0" File: C:/intelFPGA_lite/17.1/AulasDesignComputadores/Aula_14/processador.vhd Line: 138
Info (12128): Elaborating entity "UnidadeControle" for hierarchy "processador:processador|UnidadeControle:UC" File: C:/intelFPGA_lite/17.1/AulasDesignComputadores/Aula_14/processador.vhd Line: 147
Info (12128): Elaborating entity "bancoRegistradores" for hierarchy "processador:processador|bancoRegistradores:bancoRegistrador" File: C:/intelFPGA_lite/17.1/AulasDesignComputadores/Aula_14/processador.vhd Line: 156
Info (12128): Elaborating entity "ULA" for hierarchy "processador:processador|ULA:ULA" File: C:/intelFPGA_lite/17.1/AulasDesignComputadores/Aula_14/processador.vhd Line: 182
Info (12128): Elaborating entity "estendeSinalGenerico" for hierarchy "processador:processador|estendeSinalGenerico:extensor" File: C:/intelFPGA_lite/17.1/AulasDesignComputadores/Aula_14/processador.vhd Line: 202
Info (12128): Elaborating entity "RAMMIPS" for hierarchy "RAMMIPS:RAM_mips" File: C:/intelFPGA_lite/17.1/AulasDesignComputadores/Aula_14/Aula_14.vhd Line: 46
Info: Quartus Prime Analysis & Elaboration was successful. 0 errors, 2 warnings
    Info: Peak virtual memory: 4848 megabytes
    Info: Processing ended: Thu Oct 29 12:38:55 2020
    Info: Elapsed time: 00:00:17
    Info: Total CPU time (on all processors): 00:00:39


